[2023-04-28T13:21:32.413+0000] {taskinstance.py:1083} INFO - Dependencies all met for <TaskInstance: alfi5.extract_task scheduled__2020-04-22T00:00:00+00:00 [queued]>
[2023-04-28T13:21:32.421+0000] {taskinstance.py:1083} INFO - Dependencies all met for <TaskInstance: alfi5.extract_task scheduled__2020-04-22T00:00:00+00:00 [queued]>
[2023-04-28T13:21:32.422+0000] {taskinstance.py:1279} INFO - 
--------------------------------------------------------------------------------
[2023-04-28T13:21:32.422+0000] {taskinstance.py:1280} INFO - Starting attempt 1 of 2
[2023-04-28T13:21:32.423+0000] {taskinstance.py:1281} INFO - 
--------------------------------------------------------------------------------
[2023-04-28T13:21:32.435+0000] {taskinstance.py:1300} INFO - Executing <Task(PythonOperator): extract_task> on 2020-04-22 00:00:00+00:00
[2023-04-28T13:21:32.439+0000] {standard_task_runner.py:55} INFO - Started process 6569 to run task
[2023-04-28T13:21:32.442+0000] {standard_task_runner.py:82} INFO - Running: ['***', 'tasks', 'run', 'alfi5', 'extract_task', 'scheduled__2020-04-22T00:00:00+00:00', '--job-id', '25', '--raw', '--subdir', 'DAGS_FOLDER/my_test_dag.py', '--cfg-path', '/tmp/tmp7z9090ag']
[2023-04-28T13:21:32.442+0000] {standard_task_runner.py:83} INFO - Job 25: Subtask extract_task
[2023-04-28T13:21:32.492+0000] {task_command.py:388} INFO - Running <TaskInstance: alfi5.extract_task scheduled__2020-04-22T00:00:00+00:00 [running]> on host 6cc0522fbd3b
[2023-04-28T13:21:32.545+0000] {taskinstance.py:1509} INFO - Exporting the following env vars:
AIRFLOW_CTX_DAG_OWNER=Caffeinated Quantum Squadron
AIRFLOW_CTX_DAG_ID=alfi5
AIRFLOW_CTX_TASK_ID=extract_task
AIRFLOW_CTX_EXECUTION_DATE=2020-04-22T00:00:00+00:00
AIRFLOW_CTX_TRY_NUMBER=1
AIRFLOW_CTX_DAG_RUN_ID=scheduled__2020-04-22T00:00:00+00:00
[2023-04-28T13:21:34.311+0000] {python.py:177} INFO - Done. Returned value was: None
[2023-04-28T13:21:34.320+0000] {taskinstance.py:1323} INFO - Marking task as SUCCESS. dag_id=alfi5, task_id=extract_task, execution_date=20200422T000000, start_date=20230428T132132, end_date=20230428T132134
[2023-04-28T13:21:34.341+0000] {local_task_job.py:208} INFO - Task exited with return code 0
[2023-04-28T13:21:34.381+0000] {taskinstance.py:2578} INFO - 0 downstream tasks scheduled from follow-on schedule check
