[2023-04-28T13:21:31.345+0000] {taskinstance.py:1083} INFO - Dependencies all met for <TaskInstance: alfi5.run_this_task_too scheduled__2020-04-22T00:00:00+00:00 [queued]>
[2023-04-28T13:21:31.370+0000] {taskinstance.py:1083} INFO - Dependencies all met for <TaskInstance: alfi5.run_this_task_too scheduled__2020-04-22T00:00:00+00:00 [queued]>
[2023-04-28T13:21:31.370+0000] {taskinstance.py:1279} INFO - 
--------------------------------------------------------------------------------
[2023-04-28T13:21:31.370+0000] {taskinstance.py:1280} INFO - Starting attempt 1 of 2
[2023-04-28T13:21:31.371+0000] {taskinstance.py:1281} INFO - 
--------------------------------------------------------------------------------
[2023-04-28T13:21:31.383+0000] {taskinstance.py:1300} INFO - Executing <Task(PythonOperator): run_this_task_too> on 2020-04-22 00:00:00+00:00
[2023-04-28T13:21:31.387+0000] {standard_task_runner.py:55} INFO - Started process 6567 to run task
[2023-04-28T13:21:31.390+0000] {standard_task_runner.py:82} INFO - Running: ['***', 'tasks', 'run', 'alfi5', 'run_this_task_too', 'scheduled__2020-04-22T00:00:00+00:00', '--job-id', '24', '--raw', '--subdir', 'DAGS_FOLDER/my_test_dag.py', '--cfg-path', '/tmp/tmp1herqip1']
[2023-04-28T13:21:31.390+0000] {standard_task_runner.py:83} INFO - Job 24: Subtask run_this_task_too
[2023-04-28T13:21:31.442+0000] {task_command.py:388} INFO - Running <TaskInstance: alfi5.run_this_task_too scheduled__2020-04-22T00:00:00+00:00 [running]> on host 6cc0522fbd3b
[2023-04-28T13:21:31.496+0000] {taskinstance.py:1509} INFO - Exporting the following env vars:
AIRFLOW_CTX_DAG_OWNER=Caffeinated Quantum Squadron
AIRFLOW_CTX_DAG_ID=alfi5
AIRFLOW_CTX_TASK_ID=run_this_task_too
AIRFLOW_CTX_EXECUTION_DATE=2020-04-22T00:00:00+00:00
AIRFLOW_CTX_TRY_NUMBER=1
AIRFLOW_CTX_DAG_RUN_ID=scheduled__2020-04-22T00:00:00+00:00
[2023-04-28T13:21:31.497+0000] {logging_mixin.py:137} INFO - I am coming last
[2023-04-28T13:21:31.497+0000] {python.py:177} INFO - Done. Returned value was: None
[2023-04-28T13:21:31.504+0000] {taskinstance.py:1323} INFO - Marking task as SUCCESS. dag_id=alfi5, task_id=run_this_task_too, execution_date=20200422T000000, start_date=20230428T132131, end_date=20230428T132131
[2023-04-28T13:21:31.521+0000] {local_task_job.py:208} INFO - Task exited with return code 0
[2023-04-28T13:21:31.539+0000] {taskinstance.py:2578} INFO - 1 downstream tasks scheduled from follow-on schedule check
