[2023-04-28T13:12:56.717+0000] {taskinstance.py:1083} INFO - Dependencies all met for <TaskInstance: alfi2.run_this_task_too scheduled__2023-04-28T00:00:00+00:00 [queued]>
[2023-04-28T13:12:56.725+0000] {taskinstance.py:1083} INFO - Dependencies all met for <TaskInstance: alfi2.run_this_task_too scheduled__2023-04-28T00:00:00+00:00 [queued]>
[2023-04-28T13:12:56.725+0000] {taskinstance.py:1279} INFO - 
--------------------------------------------------------------------------------
[2023-04-28T13:12:56.726+0000] {taskinstance.py:1280} INFO - Starting attempt 1 of 2
[2023-04-28T13:12:56.726+0000] {taskinstance.py:1281} INFO - 
--------------------------------------------------------------------------------
[2023-04-28T13:12:56.740+0000] {taskinstance.py:1300} INFO - Executing <Task(PythonOperator): run_this_task_too> on 2023-04-28 00:00:00+00:00
[2023-04-28T13:12:56.744+0000] {standard_task_runner.py:55} INFO - Started process 5466 to run task
[2023-04-28T13:12:56.747+0000] {standard_task_runner.py:82} INFO - Running: ['***', 'tasks', 'run', 'alfi2', 'run_this_task_too', 'scheduled__2023-04-28T00:00:00+00:00', '--job-id', '15', '--raw', '--subdir', 'DAGS_FOLDER/my_test_dag.py', '--cfg-path', '/tmp/tmp6p6fuv7b']
[2023-04-28T13:12:56.747+0000] {standard_task_runner.py:83} INFO - Job 15: Subtask run_this_task_too
[2023-04-28T13:12:56.798+0000] {task_command.py:388} INFO - Running <TaskInstance: alfi2.run_this_task_too scheduled__2023-04-28T00:00:00+00:00 [running]> on host 6cc0522fbd3b
[2023-04-28T13:12:56.922+0000] {taskinstance.py:1509} INFO - Exporting the following env vars:
AIRFLOW_CTX_DAG_OWNER=Caffeinated Quantum Squadron
AIRFLOW_CTX_DAG_ID=alfi2
AIRFLOW_CTX_TASK_ID=run_this_task_too
AIRFLOW_CTX_EXECUTION_DATE=2023-04-28T00:00:00+00:00
AIRFLOW_CTX_TRY_NUMBER=1
AIRFLOW_CTX_DAG_RUN_ID=scheduled__2023-04-28T00:00:00+00:00
[2023-04-28T13:12:56.923+0000] {logging_mixin.py:137} INFO - I am coming last
[2023-04-28T13:12:56.923+0000] {python.py:177} INFO - Done. Returned value was: None
[2023-04-28T13:12:56.930+0000] {taskinstance.py:1323} INFO - Marking task as SUCCESS. dag_id=alfi2, task_id=run_this_task_too, execution_date=20230428T000000, start_date=20230428T131256, end_date=20230428T131256
[2023-04-28T13:12:56.960+0000] {local_task_job.py:208} INFO - Task exited with return code 0
[2023-04-28T13:12:56.978+0000] {taskinstance.py:2578} INFO - 1 downstream tasks scheduled from follow-on schedule check
