[2023-04-28T13:34:36.506+0000] {processor.py:153} INFO - Started process (PID=13087) to work on /opt/airflow/dags/database.py
[2023-04-28T13:34:36.506+0000] {processor.py:743} INFO - Processing file /opt/airflow/dags/database.py for tasks to queue
[2023-04-28T13:34:36.507+0000] {logging_mixin.py:137} INFO - [2023-04-28T13:34:36.507+0000] {dagbag.py:538} INFO - Filling up the DagBag from /opt/airflow/dags/database.py
[2023-04-28T13:34:36.521+0000] {processor.py:755} WARNING - No viable dags retrieved from /opt/airflow/dags/database.py
[2023-04-28T13:34:36.532+0000] {processor.py:175} INFO - Processing /opt/airflow/dags/database.py took 0.029 seconds
[2023-04-28T13:35:06.680+0000] {processor.py:153} INFO - Started process (PID=13191) to work on /opt/airflow/dags/database.py
[2023-04-28T13:35:06.680+0000] {processor.py:743} INFO - Processing file /opt/airflow/dags/database.py for tasks to queue
[2023-04-28T13:35:06.681+0000] {logging_mixin.py:137} INFO - [2023-04-28T13:35:06.681+0000] {dagbag.py:538} INFO - Filling up the DagBag from /opt/airflow/dags/database.py
[2023-04-28T13:35:06.689+0000] {processor.py:755} WARNING - No viable dags retrieved from /opt/airflow/dags/database.py
[2023-04-28T13:35:06.701+0000] {processor.py:175} INFO - Processing /opt/airflow/dags/database.py took 0.024 seconds
[2023-04-28T13:35:37.266+0000] {processor.py:153} INFO - Started process (PID=13304) to work on /opt/airflow/dags/database.py
[2023-04-28T13:35:37.267+0000] {processor.py:743} INFO - Processing file /opt/airflow/dags/database.py for tasks to queue
[2023-04-28T13:35:37.268+0000] {logging_mixin.py:137} INFO - [2023-04-28T13:35:37.268+0000] {dagbag.py:538} INFO - Filling up the DagBag from /opt/airflow/dags/database.py
[2023-04-28T13:35:37.276+0000] {processor.py:755} WARNING - No viable dags retrieved from /opt/airflow/dags/database.py
[2023-04-28T13:35:37.290+0000] {processor.py:175} INFO - Processing /opt/airflow/dags/database.py took 0.026 seconds
[2023-04-28T13:36:08.139+0000] {processor.py:153} INFO - Started process (PID=13394) to work on /opt/airflow/dags/database.py
[2023-04-28T13:36:08.140+0000] {processor.py:743} INFO - Processing file /opt/airflow/dags/database.py for tasks to queue
[2023-04-28T13:36:08.141+0000] {logging_mixin.py:137} INFO - [2023-04-28T13:36:08.140+0000] {dagbag.py:538} INFO - Filling up the DagBag from /opt/airflow/dags/database.py
[2023-04-28T13:36:08.150+0000] {processor.py:755} WARNING - No viable dags retrieved from /opt/airflow/dags/database.py
[2023-04-28T13:36:08.164+0000] {processor.py:175} INFO - Processing /opt/airflow/dags/database.py took 0.029 seconds
[2023-04-28T13:36:38.523+0000] {processor.py:153} INFO - Started process (PID=13513) to work on /opt/airflow/dags/database.py
[2023-04-28T13:36:38.524+0000] {processor.py:743} INFO - Processing file /opt/airflow/dags/database.py for tasks to queue
[2023-04-28T13:36:38.524+0000] {logging_mixin.py:137} INFO - [2023-04-28T13:36:38.524+0000] {dagbag.py:538} INFO - Filling up the DagBag from /opt/airflow/dags/database.py
[2023-04-28T13:36:38.532+0000] {processor.py:755} WARNING - No viable dags retrieved from /opt/airflow/dags/database.py
[2023-04-28T13:36:38.546+0000] {processor.py:175} INFO - Processing /opt/airflow/dags/database.py took 0.025 seconds
[2023-04-28T13:37:09.238+0000] {processor.py:153} INFO - Started process (PID=13602) to work on /opt/airflow/dags/database.py
[2023-04-28T13:37:09.239+0000] {processor.py:743} INFO - Processing file /opt/airflow/dags/database.py for tasks to queue
[2023-04-28T13:37:09.240+0000] {logging_mixin.py:137} INFO - [2023-04-28T13:37:09.240+0000] {dagbag.py:538} INFO - Filling up the DagBag from /opt/airflow/dags/database.py
[2023-04-28T13:37:09.247+0000] {processor.py:755} WARNING - No viable dags retrieved from /opt/airflow/dags/database.py
[2023-04-28T13:37:09.259+0000] {processor.py:175} INFO - Processing /opt/airflow/dags/database.py took 0.024 seconds
[2023-04-28T13:37:23.376+0000] {processor.py:153} INFO - Started process (PID=13627) to work on /opt/airflow/dags/database.py
[2023-04-28T13:37:23.377+0000] {processor.py:743} INFO - Processing file /opt/airflow/dags/database.py for tasks to queue
[2023-04-28T13:37:23.378+0000] {logging_mixin.py:137} INFO - [2023-04-28T13:37:23.378+0000] {dagbag.py:538} INFO - Filling up the DagBag from /opt/airflow/dags/database.py
[2023-04-28T13:37:23.396+0000] {processor.py:755} WARNING - No viable dags retrieved from /opt/airflow/dags/database.py
[2023-04-28T13:37:23.408+0000] {processor.py:175} INFO - Processing /opt/airflow/dags/database.py took 0.034 seconds
[2023-04-28T13:37:53.927+0000] {processor.py:153} INFO - Started process (PID=13740) to work on /opt/airflow/dags/database.py
[2023-04-28T13:37:53.928+0000] {processor.py:743} INFO - Processing file /opt/airflow/dags/database.py for tasks to queue
[2023-04-28T13:37:53.929+0000] {logging_mixin.py:137} INFO - [2023-04-28T13:37:53.929+0000] {dagbag.py:538} INFO - Filling up the DagBag from /opt/airflow/dags/database.py
[2023-04-28T13:37:53.936+0000] {processor.py:755} WARNING - No viable dags retrieved from /opt/airflow/dags/database.py
[2023-04-28T13:37:53.947+0000] {processor.py:175} INFO - Processing /opt/airflow/dags/database.py took 0.023 seconds
[2023-04-28T13:38:24.477+0000] {processor.py:153} INFO - Started process (PID=13835) to work on /opt/airflow/dags/database.py
[2023-04-28T13:38:24.478+0000] {processor.py:743} INFO - Processing file /opt/airflow/dags/database.py for tasks to queue
[2023-04-28T13:38:24.479+0000] {logging_mixin.py:137} INFO - [2023-04-28T13:38:24.479+0000] {dagbag.py:538} INFO - Filling up the DagBag from /opt/airflow/dags/database.py
[2023-04-28T13:38:24.485+0000] {processor.py:755} WARNING - No viable dags retrieved from /opt/airflow/dags/database.py
[2023-04-28T13:38:24.498+0000] {processor.py:175} INFO - Processing /opt/airflow/dags/database.py took 0.024 seconds
[2023-04-28T13:38:55.042+0000] {processor.py:153} INFO - Started process (PID=13943) to work on /opt/airflow/dags/database.py
[2023-04-28T13:38:55.043+0000] {processor.py:743} INFO - Processing file /opt/airflow/dags/database.py for tasks to queue
[2023-04-28T13:38:55.044+0000] {logging_mixin.py:137} INFO - [2023-04-28T13:38:55.044+0000] {dagbag.py:538} INFO - Filling up the DagBag from /opt/airflow/dags/database.py
[2023-04-28T13:38:55.051+0000] {processor.py:755} WARNING - No viable dags retrieved from /opt/airflow/dags/database.py
[2023-04-28T13:38:55.061+0000] {processor.py:175} INFO - Processing /opt/airflow/dags/database.py took 0.021 seconds
[2023-04-28T13:44:24.977+0000] {processor.py:153} INFO - Started process (PID=46) to work on /opt/airflow/dags/database.py
[2023-04-28T13:44:24.979+0000] {processor.py:743} INFO - Processing file /opt/airflow/dags/database.py for tasks to queue
[2023-04-28T13:44:24.981+0000] {logging_mixin.py:137} INFO - [2023-04-28T13:44:24.981+0000] {dagbag.py:538} INFO - Filling up the DagBag from /opt/airflow/dags/database.py
[2023-04-28T13:44:24.993+0000] {processor.py:755} WARNING - No viable dags retrieved from /opt/airflow/dags/database.py
[2023-04-28T13:44:25.024+0000] {processor.py:175} INFO - Processing /opt/airflow/dags/database.py took 0.058 seconds
[2023-04-28T13:44:55.452+0000] {processor.py:153} INFO - Started process (PID=159) to work on /opt/airflow/dags/database.py
[2023-04-28T13:44:55.453+0000] {processor.py:743} INFO - Processing file /opt/airflow/dags/database.py for tasks to queue
[2023-04-28T13:44:55.454+0000] {logging_mixin.py:137} INFO - [2023-04-28T13:44:55.454+0000] {dagbag.py:538} INFO - Filling up the DagBag from /opt/airflow/dags/database.py
[2023-04-28T13:44:55.462+0000] {processor.py:755} WARNING - No viable dags retrieved from /opt/airflow/dags/database.py
[2023-04-28T13:44:55.475+0000] {processor.py:175} INFO - Processing /opt/airflow/dags/database.py took 0.025 seconds
[2023-04-28T13:45:26.128+0000] {processor.py:153} INFO - Started process (PID=248) to work on /opt/airflow/dags/database.py
[2023-04-28T13:45:26.129+0000] {processor.py:743} INFO - Processing file /opt/airflow/dags/database.py for tasks to queue
[2023-04-28T13:45:26.129+0000] {logging_mixin.py:137} INFO - [2023-04-28T13:45:26.129+0000] {dagbag.py:538} INFO - Filling up the DagBag from /opt/airflow/dags/database.py
[2023-04-28T13:45:26.136+0000] {processor.py:755} WARNING - No viable dags retrieved from /opt/airflow/dags/database.py
[2023-04-28T13:45:26.148+0000] {processor.py:175} INFO - Processing /opt/airflow/dags/database.py took 0.022 seconds
[2023-04-28T13:45:56.992+0000] {processor.py:153} INFO - Started process (PID=361) to work on /opt/airflow/dags/database.py
[2023-04-28T13:45:56.992+0000] {processor.py:743} INFO - Processing file /opt/airflow/dags/database.py for tasks to queue
[2023-04-28T13:45:56.993+0000] {logging_mixin.py:137} INFO - [2023-04-28T13:45:56.993+0000] {dagbag.py:538} INFO - Filling up the DagBag from /opt/airflow/dags/database.py
[2023-04-28T13:45:57.001+0000] {processor.py:755} WARNING - No viable dags retrieved from /opt/airflow/dags/database.py
[2023-04-28T13:45:57.012+0000] {processor.py:175} INFO - Processing /opt/airflow/dags/database.py took 0.023 seconds
[2023-04-28T13:46:27.392+0000] {processor.py:153} INFO - Started process (PID=459) to work on /opt/airflow/dags/database.py
[2023-04-28T13:46:27.393+0000] {processor.py:743} INFO - Processing file /opt/airflow/dags/database.py for tasks to queue
[2023-04-28T13:46:27.394+0000] {logging_mixin.py:137} INFO - [2023-04-28T13:46:27.394+0000] {dagbag.py:538} INFO - Filling up the DagBag from /opt/airflow/dags/database.py
[2023-04-28T13:46:27.403+0000] {processor.py:755} WARNING - No viable dags retrieved from /opt/airflow/dags/database.py
[2023-04-28T13:46:27.417+0000] {processor.py:175} INFO - Processing /opt/airflow/dags/database.py took 0.029 seconds
[2023-04-28T13:46:57.858+0000] {processor.py:153} INFO - Started process (PID=563) to work on /opt/airflow/dags/database.py
[2023-04-28T13:46:57.859+0000] {processor.py:743} INFO - Processing file /opt/airflow/dags/database.py for tasks to queue
[2023-04-28T13:46:57.860+0000] {logging_mixin.py:137} INFO - [2023-04-28T13:46:57.860+0000] {dagbag.py:538} INFO - Filling up the DagBag from /opt/airflow/dags/database.py
[2023-04-28T13:46:57.867+0000] {processor.py:755} WARNING - No viable dags retrieved from /opt/airflow/dags/database.py
[2023-04-28T13:46:57.878+0000] {processor.py:175} INFO - Processing /opt/airflow/dags/database.py took 0.023 seconds
[2023-04-28T13:47:28.486+0000] {processor.py:153} INFO - Started process (PID=676) to work on /opt/airflow/dags/database.py
[2023-04-28T13:47:28.487+0000] {processor.py:743} INFO - Processing file /opt/airflow/dags/database.py for tasks to queue
[2023-04-28T13:47:28.488+0000] {logging_mixin.py:137} INFO - [2023-04-28T13:47:28.488+0000] {dagbag.py:538} INFO - Filling up the DagBag from /opt/airflow/dags/database.py
[2023-04-28T13:47:28.494+0000] {processor.py:755} WARNING - No viable dags retrieved from /opt/airflow/dags/database.py
[2023-04-28T13:47:28.578+0000] {processor.py:175} INFO - Processing /opt/airflow/dags/database.py took 0.095 seconds
[2023-04-28T13:47:59.120+0000] {processor.py:153} INFO - Started process (PID=765) to work on /opt/airflow/dags/database.py
[2023-04-28T13:47:59.120+0000] {processor.py:743} INFO - Processing file /opt/airflow/dags/database.py for tasks to queue
[2023-04-28T13:47:59.121+0000] {logging_mixin.py:137} INFO - [2023-04-28T13:47:59.121+0000] {dagbag.py:538} INFO - Filling up the DagBag from /opt/airflow/dags/database.py
[2023-04-28T13:47:59.128+0000] {processor.py:755} WARNING - No viable dags retrieved from /opt/airflow/dags/database.py
[2023-04-28T13:47:59.208+0000] {processor.py:175} INFO - Processing /opt/airflow/dags/database.py took 0.091 seconds
[2023-04-28T13:48:29.793+0000] {processor.py:153} INFO - Started process (PID=878) to work on /opt/airflow/dags/database.py
[2023-04-28T13:48:29.794+0000] {processor.py:743} INFO - Processing file /opt/airflow/dags/database.py for tasks to queue
[2023-04-28T13:48:29.795+0000] {logging_mixin.py:137} INFO - [2023-04-28T13:48:29.795+0000] {dagbag.py:538} INFO - Filling up the DagBag from /opt/airflow/dags/database.py
[2023-04-28T13:48:29.805+0000] {processor.py:755} WARNING - No viable dags retrieved from /opt/airflow/dags/database.py
[2023-04-28T13:48:29.820+0000] {processor.py:175} INFO - Processing /opt/airflow/dags/database.py took 0.032 seconds
[2023-04-28T13:49:00.490+0000] {processor.py:153} INFO - Started process (PID=967) to work on /opt/airflow/dags/database.py
[2023-04-28T13:49:00.491+0000] {processor.py:743} INFO - Processing file /opt/airflow/dags/database.py for tasks to queue
[2023-04-28T13:49:00.492+0000] {logging_mixin.py:137} INFO - [2023-04-28T13:49:00.492+0000] {dagbag.py:538} INFO - Filling up the DagBag from /opt/airflow/dags/database.py
[2023-04-28T13:49:00.499+0000] {processor.py:755} WARNING - No viable dags retrieved from /opt/airflow/dags/database.py
[2023-04-28T13:49:00.511+0000] {processor.py:175} INFO - Processing /opt/airflow/dags/database.py took 0.024 seconds
[2023-04-28T13:49:31.114+0000] {processor.py:153} INFO - Started process (PID=1081) to work on /opt/airflow/dags/database.py
[2023-04-28T13:49:31.115+0000] {processor.py:743} INFO - Processing file /opt/airflow/dags/database.py for tasks to queue
[2023-04-28T13:49:31.116+0000] {logging_mixin.py:137} INFO - [2023-04-28T13:49:31.116+0000] {dagbag.py:538} INFO - Filling up the DagBag from /opt/airflow/dags/database.py
[2023-04-28T13:49:31.125+0000] {processor.py:755} WARNING - No viable dags retrieved from /opt/airflow/dags/database.py
[2023-04-28T13:49:31.137+0000] {processor.py:175} INFO - Processing /opt/airflow/dags/database.py took 0.025 seconds
[2023-04-28T13:50:01.698+0000] {processor.py:153} INFO - Started process (PID=1194) to work on /opt/airflow/dags/database.py
[2023-04-28T13:50:01.698+0000] {processor.py:743} INFO - Processing file /opt/airflow/dags/database.py for tasks to queue
[2023-04-28T13:50:01.699+0000] {logging_mixin.py:137} INFO - [2023-04-28T13:50:01.699+0000] {dagbag.py:538} INFO - Filling up the DagBag from /opt/airflow/dags/database.py
[2023-04-28T13:50:01.707+0000] {processor.py:755} WARNING - No viable dags retrieved from /opt/airflow/dags/database.py
[2023-04-28T13:50:01.719+0000] {processor.py:175} INFO - Processing /opt/airflow/dags/database.py took 0.024 seconds
[2023-04-28T13:50:32.005+0000] {processor.py:153} INFO - Started process (PID=1284) to work on /opt/airflow/dags/database.py
[2023-04-28T13:50:32.006+0000] {processor.py:743} INFO - Processing file /opt/airflow/dags/database.py for tasks to queue
[2023-04-28T13:50:32.007+0000] {logging_mixin.py:137} INFO - [2023-04-28T13:50:32.007+0000] {dagbag.py:538} INFO - Filling up the DagBag from /opt/airflow/dags/database.py
[2023-04-28T13:50:32.014+0000] {processor.py:755} WARNING - No viable dags retrieved from /opt/airflow/dags/database.py
[2023-04-28T13:50:32.026+0000] {processor.py:175} INFO - Processing /opt/airflow/dags/database.py took 0.023 seconds
[2023-04-28T13:51:02.414+0000] {processor.py:153} INFO - Started process (PID=1397) to work on /opt/airflow/dags/database.py
[2023-04-28T13:51:02.414+0000] {processor.py:743} INFO - Processing file /opt/airflow/dags/database.py for tasks to queue
[2023-04-28T13:51:02.415+0000] {logging_mixin.py:137} INFO - [2023-04-28T13:51:02.415+0000] {dagbag.py:538} INFO - Filling up the DagBag from /opt/airflow/dags/database.py
[2023-04-28T13:51:02.423+0000] {processor.py:755} WARNING - No viable dags retrieved from /opt/airflow/dags/database.py
[2023-04-28T13:51:02.434+0000] {processor.py:175} INFO - Processing /opt/airflow/dags/database.py took 0.023 seconds
[2023-04-28T13:51:33.007+0000] {processor.py:153} INFO - Started process (PID=1486) to work on /opt/airflow/dags/database.py
[2023-04-28T13:51:33.008+0000] {processor.py:743} INFO - Processing file /opt/airflow/dags/database.py for tasks to queue
[2023-04-28T13:51:33.009+0000] {logging_mixin.py:137} INFO - [2023-04-28T13:51:33.008+0000] {dagbag.py:538} INFO - Filling up the DagBag from /opt/airflow/dags/database.py
[2023-04-28T13:51:33.016+0000] {processor.py:755} WARNING - No viable dags retrieved from /opt/airflow/dags/database.py
[2023-04-28T13:51:33.027+0000] {processor.py:175} INFO - Processing /opt/airflow/dags/database.py took 0.023 seconds
