[2023-04-28T13:20:31.840+0000] {taskinstance.py:1083} INFO - Dependencies all met for <TaskInstance: alfi4.extract_task scheduled__2022-04-22T00:00:00+00:00 [queued]>
[2023-04-28T13:20:31.847+0000] {taskinstance.py:1083} INFO - Dependencies all met for <TaskInstance: alfi4.extract_task scheduled__2022-04-22T00:00:00+00:00 [queued]>
[2023-04-28T13:20:31.848+0000] {taskinstance.py:1279} INFO - 
--------------------------------------------------------------------------------
[2023-04-28T13:20:31.848+0000] {taskinstance.py:1280} INFO - Starting attempt 1 of 2
[2023-04-28T13:20:31.849+0000] {taskinstance.py:1281} INFO - 
--------------------------------------------------------------------------------
[2023-04-28T13:20:31.862+0000] {taskinstance.py:1300} INFO - Executing <Task(PythonOperator): extract_task> on 2022-04-22 00:00:00+00:00
[2023-04-28T13:20:31.866+0000] {standard_task_runner.py:55} INFO - Started process 6426 to run task
[2023-04-28T13:20:31.869+0000] {standard_task_runner.py:82} INFO - Running: ['***', 'tasks', 'run', 'alfi4', 'extract_task', 'scheduled__2022-04-22T00:00:00+00:00', '--job-id', '22', '--raw', '--subdir', 'DAGS_FOLDER/my_test_dag.py', '--cfg-path', '/tmp/tmp4h7aaq9k']
[2023-04-28T13:20:31.870+0000] {standard_task_runner.py:83} INFO - Job 22: Subtask extract_task
[2023-04-28T13:20:31.920+0000] {task_command.py:388} INFO - Running <TaskInstance: alfi4.extract_task scheduled__2022-04-22T00:00:00+00:00 [running]> on host 6cc0522fbd3b
[2023-04-28T13:20:31.974+0000] {taskinstance.py:1509} INFO - Exporting the following env vars:
AIRFLOW_CTX_DAG_OWNER=Caffeinated Quantum Squadron
AIRFLOW_CTX_DAG_ID=alfi4
AIRFLOW_CTX_TASK_ID=extract_task
AIRFLOW_CTX_EXECUTION_DATE=2022-04-22T00:00:00+00:00
AIRFLOW_CTX_TRY_NUMBER=1
AIRFLOW_CTX_DAG_RUN_ID=scheduled__2022-04-22T00:00:00+00:00
[2023-04-28T13:20:33.733+0000] {python.py:177} INFO - Done. Returned value was: None
[2023-04-28T13:20:33.742+0000] {taskinstance.py:1323} INFO - Marking task as SUCCESS. dag_id=alfi4, task_id=extract_task, execution_date=20220422T000000, start_date=20230428T132031, end_date=20230428T132033
[2023-04-28T13:20:33.767+0000] {local_task_job.py:208} INFO - Task exited with return code 0
[2023-04-28T13:20:33.809+0000] {taskinstance.py:2578} INFO - 0 downstream tasks scheduled from follow-on schedule check
