[2023-04-28T13:36:44.525+0000] {taskinstance.py:1083} INFO - Dependencies all met for <TaskInstance: alfi8.run_this_task scheduled__2020-04-22T00:00:00+00:00 [queued]>
[2023-04-28T13:36:44.535+0000] {taskinstance.py:1083} INFO - Dependencies all met for <TaskInstance: alfi8.run_this_task scheduled__2020-04-22T00:00:00+00:00 [queued]>
[2023-04-28T13:36:44.535+0000] {taskinstance.py:1279} INFO - 
--------------------------------------------------------------------------------
[2023-04-28T13:36:44.535+0000] {taskinstance.py:1280} INFO - Starting attempt 1 of 2
[2023-04-28T13:36:44.536+0000] {taskinstance.py:1281} INFO - 
--------------------------------------------------------------------------------
[2023-04-28T13:36:44.552+0000] {taskinstance.py:1300} INFO - Executing <Task(PythonOperator): run_this_task> on 2020-04-22 00:00:00+00:00
[2023-04-28T13:36:44.615+0000] {standard_task_runner.py:55} INFO - Started process 8457 to run task
[2023-04-28T13:36:44.620+0000] {standard_task_runner.py:82} INFO - Running: ['***', 'tasks', 'run', 'alfi8', 'run_this_task', 'scheduled__2020-04-22T00:00:00+00:00', '--job-id', '33', '--raw', '--subdir', 'DAGS_FOLDER/my_test_dag.py', '--cfg-path', '/tmp/tmp40p252ur']
[2023-04-28T13:36:44.620+0000] {standard_task_runner.py:83} INFO - Job 33: Subtask run_this_task
[2023-04-28T13:36:44.685+0000] {task_command.py:388} INFO - Running <TaskInstance: alfi8.run_this_task scheduled__2020-04-22T00:00:00+00:00 [running]> on host 6cc0522fbd3b
[2023-04-28T13:36:44.749+0000] {taskinstance.py:1509} INFO - Exporting the following env vars:
AIRFLOW_CTX_DAG_OWNER=Caffeinated Quantum Squadron
AIRFLOW_CTX_DAG_ID=alfi8
AIRFLOW_CTX_TASK_ID=run_this_task
AIRFLOW_CTX_EXECUTION_DATE=2020-04-22T00:00:00+00:00
AIRFLOW_CTX_TRY_NUMBER=1
AIRFLOW_CTX_DAG_RUN_ID=scheduled__2020-04-22T00:00:00+00:00
[2023-04-28T13:36:44.750+0000] {logging_mixin.py:137} INFO - I am coming first
[2023-04-28T13:36:44.751+0000] {python.py:177} INFO - Done. Returned value was: None
[2023-04-28T13:36:44.764+0000] {taskinstance.py:1323} INFO - Marking task as SUCCESS. dag_id=alfi8, task_id=run_this_task, execution_date=20200422T000000, start_date=20230428T133644, end_date=20230428T133644
[2023-04-28T13:36:44.792+0000] {local_task_job.py:208} INFO - Task exited with return code 0
[2023-04-28T13:36:44.827+0000] {taskinstance.py:2578} INFO - 1 downstream tasks scheduled from follow-on schedule check
