[2023-04-28T13:16:17.449+0000] {taskinstance.py:1083} INFO - Dependencies all met for <TaskInstance: alfi3.run_this_task_too scheduled__2022-04-22T00:00:00+00:00 [queued]>
[2023-04-28T13:16:17.463+0000] {taskinstance.py:1083} INFO - Dependencies all met for <TaskInstance: alfi3.run_this_task_too scheduled__2022-04-22T00:00:00+00:00 [queued]>
[2023-04-28T13:16:17.463+0000] {taskinstance.py:1279} INFO - 
--------------------------------------------------------------------------------
[2023-04-28T13:16:17.464+0000] {taskinstance.py:1280} INFO - Starting attempt 1 of 2
[2023-04-28T13:16:17.464+0000] {taskinstance.py:1281} INFO - 
--------------------------------------------------------------------------------
[2023-04-28T13:16:17.480+0000] {taskinstance.py:1300} INFO - Executing <Task(PythonOperator): run_this_task_too> on 2022-04-22 00:00:00+00:00
[2023-04-28T13:16:17.486+0000] {standard_task_runner.py:55} INFO - Started process 5905 to run task
[2023-04-28T13:16:17.489+0000] {standard_task_runner.py:82} INFO - Running: ['***', 'tasks', 'run', 'alfi3', 'run_this_task_too', 'scheduled__2022-04-22T00:00:00+00:00', '--job-id', '18', '--raw', '--subdir', 'DAGS_FOLDER/my_test_dag.py', '--cfg-path', '/tmp/tmpz70n49ui']
[2023-04-28T13:16:17.490+0000] {standard_task_runner.py:83} INFO - Job 18: Subtask run_this_task_too
[2023-04-28T13:16:17.543+0000] {task_command.py:388} INFO - Running <TaskInstance: alfi3.run_this_task_too scheduled__2022-04-22T00:00:00+00:00 [running]> on host 6cc0522fbd3b
[2023-04-28T13:16:17.599+0000] {taskinstance.py:1509} INFO - Exporting the following env vars:
AIRFLOW_CTX_DAG_OWNER=Caffeinated Quantum Squadron
AIRFLOW_CTX_DAG_ID=alfi3
AIRFLOW_CTX_TASK_ID=run_this_task_too
AIRFLOW_CTX_EXECUTION_DATE=2022-04-22T00:00:00+00:00
AIRFLOW_CTX_TRY_NUMBER=1
AIRFLOW_CTX_DAG_RUN_ID=scheduled__2022-04-22T00:00:00+00:00
[2023-04-28T13:16:17.600+0000] {logging_mixin.py:137} INFO - I am coming last
[2023-04-28T13:16:17.600+0000] {python.py:177} INFO - Done. Returned value was: None
[2023-04-28T13:16:17.607+0000] {taskinstance.py:1323} INFO - Marking task as SUCCESS. dag_id=alfi3, task_id=run_this_task_too, execution_date=20220422T000000, start_date=20230428T131617, end_date=20230428T131617
[2023-04-28T13:16:17.621+0000] {local_task_job.py:208} INFO - Task exited with return code 0
[2023-04-28T13:16:17.638+0000] {taskinstance.py:2578} INFO - 1 downstream tasks scheduled from follow-on schedule check
