[2023-04-28 11:57:50,569] {scheduler_job.py:182} INFO - Started process (PID=42) to work on /home/airflow/.local/lib/python3.6/site-packages/airflow/example_dags/example_kubernetes_executor_config.py
[2023-04-28 11:57:50,570] {scheduler_job.py:629} INFO - Processing file /home/airflow/.local/lib/python3.6/site-packages/airflow/example_dags/example_kubernetes_executor_config.py for tasks to queue
[2023-04-28 11:57:50,571] {logging_mixin.py:104} INFO - [2023-04-28 11:57:50,570] {dagbag.py:448} INFO - Filling up the DagBag from /home/airflow/.local/lib/python3.6/site-packages/airflow/example_dags/example_kubernetes_executor_config.py
[2023-04-28 11:57:50,591] {scheduler_job.py:639} INFO - DAG(s) dict_keys(['example_kubernetes_executor_config']) retrieved from /home/airflow/.local/lib/python3.6/site-packages/airflow/example_dags/example_kubernetes_executor_config.py
[2023-04-28 11:57:50,621] {logging_mixin.py:104} INFO - [2023-04-28 11:57:50,621] {dag.py:1818} INFO - Sync 1 DAGs
[2023-04-28 11:57:50,632] {logging_mixin.py:104} INFO - [2023-04-28 11:57:50,632] {dag.py:1837} INFO - Creating ORM DAG for example_kubernetes_executor_config
[2023-04-28 11:57:50,637] {logging_mixin.py:104} INFO - [2023-04-28 11:57:50,637] {dag.py:2273} INFO - Setting next_dagrun for example_kubernetes_executor_config to None
[2023-04-28 11:57:50,652] {scheduler_job.py:190} INFO - Processing /home/airflow/.local/lib/python3.6/site-packages/airflow/example_dags/example_kubernetes_executor_config.py took 0.086 seconds
[2023-04-28 11:58:20,864] {scheduler_job.py:182} INFO - Started process (PID=69) to work on /home/airflow/.local/lib/python3.6/site-packages/airflow/example_dags/example_kubernetes_executor_config.py
[2023-04-28 11:58:20,864] {scheduler_job.py:629} INFO - Processing file /home/airflow/.local/lib/python3.6/site-packages/airflow/example_dags/example_kubernetes_executor_config.py for tasks to queue
[2023-04-28 11:58:20,865] {logging_mixin.py:104} INFO - [2023-04-28 11:58:20,865] {dagbag.py:448} INFO - Filling up the DagBag from /home/airflow/.local/lib/python3.6/site-packages/airflow/example_dags/example_kubernetes_executor_config.py
[2023-04-28 11:58:20,876] {scheduler_job.py:639} INFO - DAG(s) dict_keys(['example_kubernetes_executor_config']) retrieved from /home/airflow/.local/lib/python3.6/site-packages/airflow/example_dags/example_kubernetes_executor_config.py
[2023-04-28 11:58:20,892] {logging_mixin.py:104} INFO - [2023-04-28 11:58:20,892] {dag.py:1818} INFO - Sync 1 DAGs
[2023-04-28 11:58:20,903] {logging_mixin.py:104} INFO - [2023-04-28 11:58:20,903] {dag.py:2273} INFO - Setting next_dagrun for example_kubernetes_executor_config to None
[2023-04-28 11:58:20,910] {scheduler_job.py:190} INFO - Processing /home/airflow/.local/lib/python3.6/site-packages/airflow/example_dags/example_kubernetes_executor_config.py took 0.049 seconds
[2023-04-28 11:58:51,789] {scheduler_job.py:182} INFO - Started process (PID=93) to work on /home/airflow/.local/lib/python3.6/site-packages/airflow/example_dags/example_kubernetes_executor_config.py
[2023-04-28 11:58:51,790] {scheduler_job.py:629} INFO - Processing file /home/airflow/.local/lib/python3.6/site-packages/airflow/example_dags/example_kubernetes_executor_config.py for tasks to queue
[2023-04-28 11:58:51,791] {logging_mixin.py:104} INFO - [2023-04-28 11:58:51,791] {dagbag.py:448} INFO - Filling up the DagBag from /home/airflow/.local/lib/python3.6/site-packages/airflow/example_dags/example_kubernetes_executor_config.py
[2023-04-28 11:58:51,801] {scheduler_job.py:639} INFO - DAG(s) dict_keys(['example_kubernetes_executor_config']) retrieved from /home/airflow/.local/lib/python3.6/site-packages/airflow/example_dags/example_kubernetes_executor_config.py
[2023-04-28 11:58:51,816] {logging_mixin.py:104} INFO - [2023-04-28 11:58:51,816] {dag.py:1818} INFO - Sync 1 DAGs
[2023-04-28 11:58:51,827] {logging_mixin.py:104} INFO - [2023-04-28 11:58:51,827] {dag.py:2273} INFO - Setting next_dagrun for example_kubernetes_executor_config to None
[2023-04-28 11:58:51,834] {scheduler_job.py:190} INFO - Processing /home/airflow/.local/lib/python3.6/site-packages/airflow/example_dags/example_kubernetes_executor_config.py took 0.047 seconds
[2023-04-28 11:59:22,698] {scheduler_job.py:182} INFO - Started process (PID=119) to work on /home/airflow/.local/lib/python3.6/site-packages/airflow/example_dags/example_kubernetes_executor_config.py
[2023-04-28 11:59:22,699] {scheduler_job.py:629} INFO - Processing file /home/airflow/.local/lib/python3.6/site-packages/airflow/example_dags/example_kubernetes_executor_config.py for tasks to queue
[2023-04-28 11:59:22,700] {logging_mixin.py:104} INFO - [2023-04-28 11:59:22,700] {dagbag.py:448} INFO - Filling up the DagBag from /home/airflow/.local/lib/python3.6/site-packages/airflow/example_dags/example_kubernetes_executor_config.py
[2023-04-28 11:59:22,710] {scheduler_job.py:639} INFO - DAG(s) dict_keys(['example_kubernetes_executor_config']) retrieved from /home/airflow/.local/lib/python3.6/site-packages/airflow/example_dags/example_kubernetes_executor_config.py
[2023-04-28 11:59:22,726] {logging_mixin.py:104} INFO - [2023-04-28 11:59:22,726] {dag.py:1818} INFO - Sync 1 DAGs
[2023-04-28 11:59:22,736] {logging_mixin.py:104} INFO - [2023-04-28 11:59:22,736] {dag.py:2273} INFO - Setting next_dagrun for example_kubernetes_executor_config to None
[2023-04-28 11:59:22,743] {scheduler_job.py:190} INFO - Processing /home/airflow/.local/lib/python3.6/site-packages/airflow/example_dags/example_kubernetes_executor_config.py took 0.047 seconds
[2023-04-28 11:59:52,770] {scheduler_job.py:182} INFO - Started process (PID=144) to work on /home/airflow/.local/lib/python3.6/site-packages/airflow/example_dags/example_kubernetes_executor_config.py
[2023-04-28 11:59:52,771] {scheduler_job.py:629} INFO - Processing file /home/airflow/.local/lib/python3.6/site-packages/airflow/example_dags/example_kubernetes_executor_config.py for tasks to queue
[2023-04-28 11:59:52,772] {logging_mixin.py:104} INFO - [2023-04-28 11:59:52,772] {dagbag.py:448} INFO - Filling up the DagBag from /home/airflow/.local/lib/python3.6/site-packages/airflow/example_dags/example_kubernetes_executor_config.py
[2023-04-28 11:59:52,782] {scheduler_job.py:639} INFO - DAG(s) dict_keys(['example_kubernetes_executor_config']) retrieved from /home/airflow/.local/lib/python3.6/site-packages/airflow/example_dags/example_kubernetes_executor_config.py
[2023-04-28 11:59:52,798] {logging_mixin.py:104} INFO - [2023-04-28 11:59:52,798] {dag.py:1818} INFO - Sync 1 DAGs
[2023-04-28 11:59:52,808] {logging_mixin.py:104} INFO - [2023-04-28 11:59:52,808] {dag.py:2273} INFO - Setting next_dagrun for example_kubernetes_executor_config to None
[2023-04-28 11:59:52,815] {scheduler_job.py:190} INFO - Processing /home/airflow/.local/lib/python3.6/site-packages/airflow/example_dags/example_kubernetes_executor_config.py took 0.047 seconds
[2023-04-28 12:00:23,713] {scheduler_job.py:182} INFO - Started process (PID=171) to work on /home/airflow/.local/lib/python3.6/site-packages/airflow/example_dags/example_kubernetes_executor_config.py
[2023-04-28 12:00:23,715] {scheduler_job.py:629} INFO - Processing file /home/airflow/.local/lib/python3.6/site-packages/airflow/example_dags/example_kubernetes_executor_config.py for tasks to queue
[2023-04-28 12:00:23,715] {logging_mixin.py:104} INFO - [2023-04-28 12:00:23,715] {dagbag.py:448} INFO - Filling up the DagBag from /home/airflow/.local/lib/python3.6/site-packages/airflow/example_dags/example_kubernetes_executor_config.py
[2023-04-28 12:00:23,727] {scheduler_job.py:639} INFO - DAG(s) dict_keys(['example_kubernetes_executor_config']) retrieved from /home/airflow/.local/lib/python3.6/site-packages/airflow/example_dags/example_kubernetes_executor_config.py
[2023-04-28 12:00:23,745] {logging_mixin.py:104} INFO - [2023-04-28 12:00:23,745] {dag.py:1818} INFO - Sync 1 DAGs
[2023-04-28 12:00:23,755] {logging_mixin.py:104} INFO - [2023-04-28 12:00:23,755] {dag.py:2273} INFO - Setting next_dagrun for example_kubernetes_executor_config to None
[2023-04-28 12:00:23,762] {scheduler_job.py:190} INFO - Processing /home/airflow/.local/lib/python3.6/site-packages/airflow/example_dags/example_kubernetes_executor_config.py took 0.051 seconds
[2023-04-28 12:00:54,639] {scheduler_job.py:182} INFO - Started process (PID=197) to work on /home/airflow/.local/lib/python3.6/site-packages/airflow/example_dags/example_kubernetes_executor_config.py
[2023-04-28 12:00:54,640] {scheduler_job.py:629} INFO - Processing file /home/airflow/.local/lib/python3.6/site-packages/airflow/example_dags/example_kubernetes_executor_config.py for tasks to queue
[2023-04-28 12:00:54,641] {logging_mixin.py:104} INFO - [2023-04-28 12:00:54,641] {dagbag.py:448} INFO - Filling up the DagBag from /home/airflow/.local/lib/python3.6/site-packages/airflow/example_dags/example_kubernetes_executor_config.py
[2023-04-28 12:00:54,653] {scheduler_job.py:639} INFO - DAG(s) dict_keys(['example_kubernetes_executor_config']) retrieved from /home/airflow/.local/lib/python3.6/site-packages/airflow/example_dags/example_kubernetes_executor_config.py
[2023-04-28 12:00:54,731] {logging_mixin.py:104} INFO - [2023-04-28 12:00:54,730] {dag.py:1818} INFO - Sync 1 DAGs
[2023-04-28 12:00:54,746] {logging_mixin.py:104} INFO - [2023-04-28 12:00:54,746] {dag.py:2273} INFO - Setting next_dagrun for example_kubernetes_executor_config to None
[2023-04-28 12:00:54,757] {scheduler_job.py:190} INFO - Processing /home/airflow/.local/lib/python3.6/site-packages/airflow/example_dags/example_kubernetes_executor_config.py took 0.121 seconds
[2023-04-28 12:01:25,594] {scheduler_job.py:182} INFO - Started process (PID=223) to work on /home/airflow/.local/lib/python3.6/site-packages/airflow/example_dags/example_kubernetes_executor_config.py
[2023-04-28 12:01:25,594] {scheduler_job.py:629} INFO - Processing file /home/airflow/.local/lib/python3.6/site-packages/airflow/example_dags/example_kubernetes_executor_config.py for tasks to queue
[2023-04-28 12:01:25,595] {logging_mixin.py:104} INFO - [2023-04-28 12:01:25,595] {dagbag.py:448} INFO - Filling up the DagBag from /home/airflow/.local/lib/python3.6/site-packages/airflow/example_dags/example_kubernetes_executor_config.py
[2023-04-28 12:01:25,605] {scheduler_job.py:639} INFO - DAG(s) dict_keys(['example_kubernetes_executor_config']) retrieved from /home/airflow/.local/lib/python3.6/site-packages/airflow/example_dags/example_kubernetes_executor_config.py
[2023-04-28 12:01:25,620] {logging_mixin.py:104} INFO - [2023-04-28 12:01:25,620] {dag.py:1818} INFO - Sync 1 DAGs
[2023-04-28 12:01:25,631] {logging_mixin.py:104} INFO - [2023-04-28 12:01:25,631] {dag.py:2273} INFO - Setting next_dagrun for example_kubernetes_executor_config to None
[2023-04-28 12:01:25,638] {scheduler_job.py:190} INFO - Processing /home/airflow/.local/lib/python3.6/site-packages/airflow/example_dags/example_kubernetes_executor_config.py took 0.047 seconds
[2023-04-28 12:01:56,491] {scheduler_job.py:182} INFO - Started process (PID=249) to work on /home/airflow/.local/lib/python3.6/site-packages/airflow/example_dags/example_kubernetes_executor_config.py
[2023-04-28 12:01:56,492] {scheduler_job.py:629} INFO - Processing file /home/airflow/.local/lib/python3.6/site-packages/airflow/example_dags/example_kubernetes_executor_config.py for tasks to queue
[2023-04-28 12:01:56,492] {logging_mixin.py:104} INFO - [2023-04-28 12:01:56,492] {dagbag.py:448} INFO - Filling up the DagBag from /home/airflow/.local/lib/python3.6/site-packages/airflow/example_dags/example_kubernetes_executor_config.py
[2023-04-28 12:01:56,502] {scheduler_job.py:639} INFO - DAG(s) dict_keys(['example_kubernetes_executor_config']) retrieved from /home/airflow/.local/lib/python3.6/site-packages/airflow/example_dags/example_kubernetes_executor_config.py
[2023-04-28 12:01:56,517] {logging_mixin.py:104} INFO - [2023-04-28 12:01:56,517] {dag.py:1818} INFO - Sync 1 DAGs
[2023-04-28 12:01:56,528] {logging_mixin.py:104} INFO - [2023-04-28 12:01:56,528] {dag.py:2273} INFO - Setting next_dagrun for example_kubernetes_executor_config to None
[2023-04-28 12:01:56,535] {scheduler_job.py:190} INFO - Processing /home/airflow/.local/lib/python3.6/site-packages/airflow/example_dags/example_kubernetes_executor_config.py took 0.046 seconds
[2023-04-28 12:02:27,457] {scheduler_job.py:182} INFO - Started process (PID=275) to work on /home/airflow/.local/lib/python3.6/site-packages/airflow/example_dags/example_kubernetes_executor_config.py
[2023-04-28 12:02:27,458] {scheduler_job.py:629} INFO - Processing file /home/airflow/.local/lib/python3.6/site-packages/airflow/example_dags/example_kubernetes_executor_config.py for tasks to queue
[2023-04-28 12:02:27,459] {logging_mixin.py:104} INFO - [2023-04-28 12:02:27,459] {dagbag.py:448} INFO - Filling up the DagBag from /home/airflow/.local/lib/python3.6/site-packages/airflow/example_dags/example_kubernetes_executor_config.py
[2023-04-28 12:02:27,469] {scheduler_job.py:639} INFO - DAG(s) dict_keys(['example_kubernetes_executor_config']) retrieved from /home/airflow/.local/lib/python3.6/site-packages/airflow/example_dags/example_kubernetes_executor_config.py
[2023-04-28 12:02:27,484] {logging_mixin.py:104} INFO - [2023-04-28 12:02:27,484] {dag.py:1818} INFO - Sync 1 DAGs
[2023-04-28 12:02:27,495] {logging_mixin.py:104} INFO - [2023-04-28 12:02:27,495] {dag.py:2273} INFO - Setting next_dagrun for example_kubernetes_executor_config to None
[2023-04-28 12:02:27,502] {scheduler_job.py:190} INFO - Processing /home/airflow/.local/lib/python3.6/site-packages/airflow/example_dags/example_kubernetes_executor_config.py took 0.048 seconds
[2023-04-28 12:02:57,581] {scheduler_job.py:182} INFO - Started process (PID=301) to work on /home/airflow/.local/lib/python3.6/site-packages/airflow/example_dags/example_kubernetes_executor_config.py
[2023-04-28 12:02:57,581] {scheduler_job.py:629} INFO - Processing file /home/airflow/.local/lib/python3.6/site-packages/airflow/example_dags/example_kubernetes_executor_config.py for tasks to queue
[2023-04-28 12:02:57,582] {logging_mixin.py:104} INFO - [2023-04-28 12:02:57,582] {dagbag.py:448} INFO - Filling up the DagBag from /home/airflow/.local/lib/python3.6/site-packages/airflow/example_dags/example_kubernetes_executor_config.py
[2023-04-28 12:02:57,592] {scheduler_job.py:639} INFO - DAG(s) dict_keys(['example_kubernetes_executor_config']) retrieved from /home/airflow/.local/lib/python3.6/site-packages/airflow/example_dags/example_kubernetes_executor_config.py
[2023-04-28 12:02:57,607] {logging_mixin.py:104} INFO - [2023-04-28 12:02:57,607] {dag.py:1818} INFO - Sync 1 DAGs
[2023-04-28 12:02:57,618] {logging_mixin.py:104} INFO - [2023-04-28 12:02:57,618] {dag.py:2273} INFO - Setting next_dagrun for example_kubernetes_executor_config to None
[2023-04-28 12:02:57,625] {scheduler_job.py:190} INFO - Processing /home/airflow/.local/lib/python3.6/site-packages/airflow/example_dags/example_kubernetes_executor_config.py took 0.047 seconds
[2023-04-28 12:03:28,519] {scheduler_job.py:182} INFO - Started process (PID=327) to work on /home/airflow/.local/lib/python3.6/site-packages/airflow/example_dags/example_kubernetes_executor_config.py
[2023-04-28 12:03:28,520] {scheduler_job.py:629} INFO - Processing file /home/airflow/.local/lib/python3.6/site-packages/airflow/example_dags/example_kubernetes_executor_config.py for tasks to queue
[2023-04-28 12:03:28,521] {logging_mixin.py:104} INFO - [2023-04-28 12:03:28,521] {dagbag.py:448} INFO - Filling up the DagBag from /home/airflow/.local/lib/python3.6/site-packages/airflow/example_dags/example_kubernetes_executor_config.py
[2023-04-28 12:03:28,531] {scheduler_job.py:639} INFO - DAG(s) dict_keys(['example_kubernetes_executor_config']) retrieved from /home/airflow/.local/lib/python3.6/site-packages/airflow/example_dags/example_kubernetes_executor_config.py
[2023-04-28 12:03:28,546] {logging_mixin.py:104} INFO - [2023-04-28 12:03:28,546] {dag.py:1818} INFO - Sync 1 DAGs
[2023-04-28 12:03:28,558] {logging_mixin.py:104} INFO - [2023-04-28 12:03:28,558] {dag.py:2273} INFO - Setting next_dagrun for example_kubernetes_executor_config to None
[2023-04-28 12:03:28,566] {scheduler_job.py:190} INFO - Processing /home/airflow/.local/lib/python3.6/site-packages/airflow/example_dags/example_kubernetes_executor_config.py took 0.049 seconds
[2023-04-28 12:09:57,324] {scheduler_job.py:182} INFO - Started process (PID=41) to work on /home/airflow/.local/lib/python3.6/site-packages/airflow/example_dags/example_kubernetes_executor_config.py
[2023-04-28 12:09:57,325] {scheduler_job.py:629} INFO - Processing file /home/airflow/.local/lib/python3.6/site-packages/airflow/example_dags/example_kubernetes_executor_config.py for tasks to queue
[2023-04-28 12:09:57,325] {logging_mixin.py:104} INFO - [2023-04-28 12:09:57,325] {dagbag.py:448} INFO - Filling up the DagBag from /home/airflow/.local/lib/python3.6/site-packages/airflow/example_dags/example_kubernetes_executor_config.py
[2023-04-28 12:09:57,336] {scheduler_job.py:639} INFO - DAG(s) dict_keys(['example_kubernetes_executor_config']) retrieved from /home/airflow/.local/lib/python3.6/site-packages/airflow/example_dags/example_kubernetes_executor_config.py
[2023-04-28 12:09:57,357] {logging_mixin.py:104} INFO - [2023-04-28 12:09:57,357] {dag.py:1818} INFO - Sync 1 DAGs
[2023-04-28 12:09:57,369] {logging_mixin.py:104} INFO - [2023-04-28 12:09:57,369] {dag.py:2273} INFO - Setting next_dagrun for example_kubernetes_executor_config to None
[2023-04-28 12:09:57,378] {scheduler_job.py:190} INFO - Processing /home/airflow/.local/lib/python3.6/site-packages/airflow/example_dags/example_kubernetes_executor_config.py took 0.057 seconds
[2023-04-28 12:10:28,345] {scheduler_job.py:182} INFO - Started process (PID=67) to work on /home/airflow/.local/lib/python3.6/site-packages/airflow/example_dags/example_kubernetes_executor_config.py
[2023-04-28 12:10:28,346] {scheduler_job.py:629} INFO - Processing file /home/airflow/.local/lib/python3.6/site-packages/airflow/example_dags/example_kubernetes_executor_config.py for tasks to queue
[2023-04-28 12:10:28,347] {logging_mixin.py:104} INFO - [2023-04-28 12:10:28,346] {dagbag.py:448} INFO - Filling up the DagBag from /home/airflow/.local/lib/python3.6/site-packages/airflow/example_dags/example_kubernetes_executor_config.py
[2023-04-28 12:10:28,356] {scheduler_job.py:639} INFO - DAG(s) dict_keys(['example_kubernetes_executor_config']) retrieved from /home/airflow/.local/lib/python3.6/site-packages/airflow/example_dags/example_kubernetes_executor_config.py
[2023-04-28 12:10:28,372] {logging_mixin.py:104} INFO - [2023-04-28 12:10:28,372] {dag.py:1818} INFO - Sync 1 DAGs
[2023-04-28 12:10:28,382] {logging_mixin.py:104} INFO - [2023-04-28 12:10:28,382] {dag.py:2273} INFO - Setting next_dagrun for example_kubernetes_executor_config to None
[2023-04-28 12:10:28,388] {scheduler_job.py:190} INFO - Processing /home/airflow/.local/lib/python3.6/site-packages/airflow/example_dags/example_kubernetes_executor_config.py took 0.046 seconds
[2023-04-28 12:10:59,236] {scheduler_job.py:182} INFO - Started process (PID=93) to work on /home/airflow/.local/lib/python3.6/site-packages/airflow/example_dags/example_kubernetes_executor_config.py
[2023-04-28 12:10:59,237] {scheduler_job.py:629} INFO - Processing file /home/airflow/.local/lib/python3.6/site-packages/airflow/example_dags/example_kubernetes_executor_config.py for tasks to queue
[2023-04-28 12:10:59,238] {logging_mixin.py:104} INFO - [2023-04-28 12:10:59,238] {dagbag.py:448} INFO - Filling up the DagBag from /home/airflow/.local/lib/python3.6/site-packages/airflow/example_dags/example_kubernetes_executor_config.py
[2023-04-28 12:10:59,247] {scheduler_job.py:639} INFO - DAG(s) dict_keys(['example_kubernetes_executor_config']) retrieved from /home/airflow/.local/lib/python3.6/site-packages/airflow/example_dags/example_kubernetes_executor_config.py
[2023-04-28 12:10:59,263] {logging_mixin.py:104} INFO - [2023-04-28 12:10:59,263] {dag.py:1818} INFO - Sync 1 DAGs
[2023-04-28 12:10:59,273] {logging_mixin.py:104} INFO - [2023-04-28 12:10:59,273] {dag.py:2273} INFO - Setting next_dagrun for example_kubernetes_executor_config to None
[2023-04-28 12:10:59,279] {scheduler_job.py:190} INFO - Processing /home/airflow/.local/lib/python3.6/site-packages/airflow/example_dags/example_kubernetes_executor_config.py took 0.045 seconds
[2023-04-28 12:11:30,114] {scheduler_job.py:182} INFO - Started process (PID=119) to work on /home/airflow/.local/lib/python3.6/site-packages/airflow/example_dags/example_kubernetes_executor_config.py
[2023-04-28 12:11:30,114] {scheduler_job.py:629} INFO - Processing file /home/airflow/.local/lib/python3.6/site-packages/airflow/example_dags/example_kubernetes_executor_config.py for tasks to queue
[2023-04-28 12:11:30,115] {logging_mixin.py:104} INFO - [2023-04-28 12:11:30,115] {dagbag.py:448} INFO - Filling up the DagBag from /home/airflow/.local/lib/python3.6/site-packages/airflow/example_dags/example_kubernetes_executor_config.py
[2023-04-28 12:11:30,125] {scheduler_job.py:639} INFO - DAG(s) dict_keys(['example_kubernetes_executor_config']) retrieved from /home/airflow/.local/lib/python3.6/site-packages/airflow/example_dags/example_kubernetes_executor_config.py
[2023-04-28 12:11:30,140] {logging_mixin.py:104} INFO - [2023-04-28 12:11:30,140] {dag.py:1818} INFO - Sync 1 DAGs
[2023-04-28 12:11:30,150] {logging_mixin.py:104} INFO - [2023-04-28 12:11:30,150] {dag.py:2273} INFO - Setting next_dagrun for example_kubernetes_executor_config to None
[2023-04-28 12:11:30,156] {scheduler_job.py:190} INFO - Processing /home/airflow/.local/lib/python3.6/site-packages/airflow/example_dags/example_kubernetes_executor_config.py took 0.045 seconds
[2023-04-28 12:12:01,047] {scheduler_job.py:182} INFO - Started process (PID=145) to work on /home/airflow/.local/lib/python3.6/site-packages/airflow/example_dags/example_kubernetes_executor_config.py
[2023-04-28 12:12:01,048] {scheduler_job.py:629} INFO - Processing file /home/airflow/.local/lib/python3.6/site-packages/airflow/example_dags/example_kubernetes_executor_config.py for tasks to queue
[2023-04-28 12:12:01,048] {logging_mixin.py:104} INFO - [2023-04-28 12:12:01,048] {dagbag.py:448} INFO - Filling up the DagBag from /home/airflow/.local/lib/python3.6/site-packages/airflow/example_dags/example_kubernetes_executor_config.py
[2023-04-28 12:12:01,058] {scheduler_job.py:639} INFO - DAG(s) dict_keys(['example_kubernetes_executor_config']) retrieved from /home/airflow/.local/lib/python3.6/site-packages/airflow/example_dags/example_kubernetes_executor_config.py
[2023-04-28 12:12:01,073] {logging_mixin.py:104} INFO - [2023-04-28 12:12:01,073] {dag.py:1818} INFO - Sync 1 DAGs
[2023-04-28 12:12:01,083] {logging_mixin.py:104} INFO - [2023-04-28 12:12:01,083] {dag.py:2273} INFO - Setting next_dagrun for example_kubernetes_executor_config to None
[2023-04-28 12:12:01,089] {scheduler_job.py:190} INFO - Processing /home/airflow/.local/lib/python3.6/site-packages/airflow/example_dags/example_kubernetes_executor_config.py took 0.045 seconds
[2023-04-28 12:12:32,004] {scheduler_job.py:182} INFO - Started process (PID=171) to work on /home/airflow/.local/lib/python3.6/site-packages/airflow/example_dags/example_kubernetes_executor_config.py
[2023-04-28 12:12:32,005] {scheduler_job.py:629} INFO - Processing file /home/airflow/.local/lib/python3.6/site-packages/airflow/example_dags/example_kubernetes_executor_config.py for tasks to queue
[2023-04-28 12:12:32,006] {logging_mixin.py:104} INFO - [2023-04-28 12:12:32,006] {dagbag.py:448} INFO - Filling up the DagBag from /home/airflow/.local/lib/python3.6/site-packages/airflow/example_dags/example_kubernetes_executor_config.py
[2023-04-28 12:12:32,015] {scheduler_job.py:639} INFO - DAG(s) dict_keys(['example_kubernetes_executor_config']) retrieved from /home/airflow/.local/lib/python3.6/site-packages/airflow/example_dags/example_kubernetes_executor_config.py
[2023-04-28 12:12:32,029] {logging_mixin.py:104} INFO - [2023-04-28 12:12:32,029] {dag.py:1818} INFO - Sync 1 DAGs
[2023-04-28 12:12:32,039] {logging_mixin.py:104} INFO - [2023-04-28 12:12:32,039] {dag.py:2273} INFO - Setting next_dagrun for example_kubernetes_executor_config to None
[2023-04-28 12:12:32,045] {scheduler_job.py:190} INFO - Processing /home/airflow/.local/lib/python3.6/site-packages/airflow/example_dags/example_kubernetes_executor_config.py took 0.044 seconds
[2023-04-28 12:13:02,935] {scheduler_job.py:182} INFO - Started process (PID=197) to work on /home/airflow/.local/lib/python3.6/site-packages/airflow/example_dags/example_kubernetes_executor_config.py
[2023-04-28 12:13:02,936] {scheduler_job.py:629} INFO - Processing file /home/airflow/.local/lib/python3.6/site-packages/airflow/example_dags/example_kubernetes_executor_config.py for tasks to queue
[2023-04-28 12:13:02,936] {logging_mixin.py:104} INFO - [2023-04-28 12:13:02,936] {dagbag.py:448} INFO - Filling up the DagBag from /home/airflow/.local/lib/python3.6/site-packages/airflow/example_dags/example_kubernetes_executor_config.py
[2023-04-28 12:13:02,946] {scheduler_job.py:639} INFO - DAG(s) dict_keys(['example_kubernetes_executor_config']) retrieved from /home/airflow/.local/lib/python3.6/site-packages/airflow/example_dags/example_kubernetes_executor_config.py
[2023-04-28 12:13:02,960] {logging_mixin.py:104} INFO - [2023-04-28 12:13:02,960] {dag.py:1818} INFO - Sync 1 DAGs
[2023-04-28 12:13:02,970] {logging_mixin.py:104} INFO - [2023-04-28 12:13:02,970] {dag.py:2273} INFO - Setting next_dagrun for example_kubernetes_executor_config to None
[2023-04-28 12:13:02,976] {scheduler_job.py:190} INFO - Processing /home/airflow/.local/lib/python3.6/site-packages/airflow/example_dags/example_kubernetes_executor_config.py took 0.043 seconds
[2023-04-28 12:13:33,755] {scheduler_job.py:182} INFO - Started process (PID=223) to work on /home/airflow/.local/lib/python3.6/site-packages/airflow/example_dags/example_kubernetes_executor_config.py
[2023-04-28 12:13:33,756] {scheduler_job.py:629} INFO - Processing file /home/airflow/.local/lib/python3.6/site-packages/airflow/example_dags/example_kubernetes_executor_config.py for tasks to queue
[2023-04-28 12:13:33,757] {logging_mixin.py:104} INFO - [2023-04-28 12:13:33,757] {dagbag.py:448} INFO - Filling up the DagBag from /home/airflow/.local/lib/python3.6/site-packages/airflow/example_dags/example_kubernetes_executor_config.py
[2023-04-28 12:13:33,766] {scheduler_job.py:639} INFO - DAG(s) dict_keys(['example_kubernetes_executor_config']) retrieved from /home/airflow/.local/lib/python3.6/site-packages/airflow/example_dags/example_kubernetes_executor_config.py
[2023-04-28 12:13:33,780] {logging_mixin.py:104} INFO - [2023-04-28 12:13:33,780] {dag.py:1818} INFO - Sync 1 DAGs
[2023-04-28 12:13:33,790] {logging_mixin.py:104} INFO - [2023-04-28 12:13:33,790] {dag.py:2273} INFO - Setting next_dagrun for example_kubernetes_executor_config to None
[2023-04-28 12:13:33,797] {scheduler_job.py:190} INFO - Processing /home/airflow/.local/lib/python3.6/site-packages/airflow/example_dags/example_kubernetes_executor_config.py took 0.044 seconds
[2023-04-28 12:14:04,753] {scheduler_job.py:182} INFO - Started process (PID=249) to work on /home/airflow/.local/lib/python3.6/site-packages/airflow/example_dags/example_kubernetes_executor_config.py
[2023-04-28 12:14:04,754] {scheduler_job.py:629} INFO - Processing file /home/airflow/.local/lib/python3.6/site-packages/airflow/example_dags/example_kubernetes_executor_config.py for tasks to queue
[2023-04-28 12:14:04,755] {logging_mixin.py:104} INFO - [2023-04-28 12:14:04,755] {dagbag.py:448} INFO - Filling up the DagBag from /home/airflow/.local/lib/python3.6/site-packages/airflow/example_dags/example_kubernetes_executor_config.py
[2023-04-28 12:14:04,764] {scheduler_job.py:639} INFO - DAG(s) dict_keys(['example_kubernetes_executor_config']) retrieved from /home/airflow/.local/lib/python3.6/site-packages/airflow/example_dags/example_kubernetes_executor_config.py
[2023-04-28 12:14:04,779] {logging_mixin.py:104} INFO - [2023-04-28 12:14:04,779] {dag.py:1818} INFO - Sync 1 DAGs
[2023-04-28 12:14:04,788] {logging_mixin.py:104} INFO - [2023-04-28 12:14:04,788] {dag.py:2273} INFO - Setting next_dagrun for example_kubernetes_executor_config to None
[2023-04-28 12:14:04,795] {scheduler_job.py:190} INFO - Processing /home/airflow/.local/lib/python3.6/site-packages/airflow/example_dags/example_kubernetes_executor_config.py took 0.044 seconds
[2023-04-28 12:14:35,597] {scheduler_job.py:182} INFO - Started process (PID=275) to work on /home/airflow/.local/lib/python3.6/site-packages/airflow/example_dags/example_kubernetes_executor_config.py
[2023-04-28 12:14:35,598] {scheduler_job.py:629} INFO - Processing file /home/airflow/.local/lib/python3.6/site-packages/airflow/example_dags/example_kubernetes_executor_config.py for tasks to queue
[2023-04-28 12:14:35,599] {logging_mixin.py:104} INFO - [2023-04-28 12:14:35,599] {dagbag.py:448} INFO - Filling up the DagBag from /home/airflow/.local/lib/python3.6/site-packages/airflow/example_dags/example_kubernetes_executor_config.py
[2023-04-28 12:14:35,609] {scheduler_job.py:639} INFO - DAG(s) dict_keys(['example_kubernetes_executor_config']) retrieved from /home/airflow/.local/lib/python3.6/site-packages/airflow/example_dags/example_kubernetes_executor_config.py
[2023-04-28 12:14:35,624] {logging_mixin.py:104} INFO - [2023-04-28 12:14:35,624] {dag.py:1818} INFO - Sync 1 DAGs
[2023-04-28 12:14:35,634] {logging_mixin.py:104} INFO - [2023-04-28 12:14:35,634] {dag.py:2273} INFO - Setting next_dagrun for example_kubernetes_executor_config to None
[2023-04-28 12:14:35,642] {scheduler_job.py:190} INFO - Processing /home/airflow/.local/lib/python3.6/site-packages/airflow/example_dags/example_kubernetes_executor_config.py took 0.047 seconds
[2023-04-28 12:15:06,523] {scheduler_job.py:182} INFO - Started process (PID=301) to work on /home/airflow/.local/lib/python3.6/site-packages/airflow/example_dags/example_kubernetes_executor_config.py
[2023-04-28 12:15:06,524] {scheduler_job.py:629} INFO - Processing file /home/airflow/.local/lib/python3.6/site-packages/airflow/example_dags/example_kubernetes_executor_config.py for tasks to queue
[2023-04-28 12:15:06,525] {logging_mixin.py:104} INFO - [2023-04-28 12:15:06,525] {dagbag.py:448} INFO - Filling up the DagBag from /home/airflow/.local/lib/python3.6/site-packages/airflow/example_dags/example_kubernetes_executor_config.py
[2023-04-28 12:15:06,536] {scheduler_job.py:639} INFO - DAG(s) dict_keys(['example_kubernetes_executor_config']) retrieved from /home/airflow/.local/lib/python3.6/site-packages/airflow/example_dags/example_kubernetes_executor_config.py
[2023-04-28 12:15:06,553] {logging_mixin.py:104} INFO - [2023-04-28 12:15:06,552] {dag.py:1818} INFO - Sync 1 DAGs
[2023-04-28 12:15:06,562] {logging_mixin.py:104} INFO - [2023-04-28 12:15:06,562] {dag.py:2273} INFO - Setting next_dagrun for example_kubernetes_executor_config to None
[2023-04-28 12:15:06,570] {scheduler_job.py:190} INFO - Processing /home/airflow/.local/lib/python3.6/site-packages/airflow/example_dags/example_kubernetes_executor_config.py took 0.049 seconds
[2023-04-28 12:15:37,408] {scheduler_job.py:182} INFO - Started process (PID=327) to work on /home/airflow/.local/lib/python3.6/site-packages/airflow/example_dags/example_kubernetes_executor_config.py
[2023-04-28 12:15:37,409] {scheduler_job.py:629} INFO - Processing file /home/airflow/.local/lib/python3.6/site-packages/airflow/example_dags/example_kubernetes_executor_config.py for tasks to queue
[2023-04-28 12:15:37,409] {logging_mixin.py:104} INFO - [2023-04-28 12:15:37,409] {dagbag.py:448} INFO - Filling up the DagBag from /home/airflow/.local/lib/python3.6/site-packages/airflow/example_dags/example_kubernetes_executor_config.py
[2023-04-28 12:15:37,419] {scheduler_job.py:639} INFO - DAG(s) dict_keys(['example_kubernetes_executor_config']) retrieved from /home/airflow/.local/lib/python3.6/site-packages/airflow/example_dags/example_kubernetes_executor_config.py
[2023-04-28 12:15:37,433] {logging_mixin.py:104} INFO - [2023-04-28 12:15:37,433] {dag.py:1818} INFO - Sync 1 DAGs
[2023-04-28 12:15:37,443] {logging_mixin.py:104} INFO - [2023-04-28 12:15:37,443] {dag.py:2273} INFO - Setting next_dagrun for example_kubernetes_executor_config to None
[2023-04-28 12:15:37,449] {scheduler_job.py:190} INFO - Processing /home/airflow/.local/lib/python3.6/site-packages/airflow/example_dags/example_kubernetes_executor_config.py took 0.044 seconds
[2023-04-28 12:16:08,253] {scheduler_job.py:182} INFO - Started process (PID=353) to work on /home/airflow/.local/lib/python3.6/site-packages/airflow/example_dags/example_kubernetes_executor_config.py
[2023-04-28 12:16:08,254] {scheduler_job.py:629} INFO - Processing file /home/airflow/.local/lib/python3.6/site-packages/airflow/example_dags/example_kubernetes_executor_config.py for tasks to queue
[2023-04-28 12:16:08,254] {logging_mixin.py:104} INFO - [2023-04-28 12:16:08,254] {dagbag.py:448} INFO - Filling up the DagBag from /home/airflow/.local/lib/python3.6/site-packages/airflow/example_dags/example_kubernetes_executor_config.py
[2023-04-28 12:16:08,264] {scheduler_job.py:639} INFO - DAG(s) dict_keys(['example_kubernetes_executor_config']) retrieved from /home/airflow/.local/lib/python3.6/site-packages/airflow/example_dags/example_kubernetes_executor_config.py
[2023-04-28 12:16:08,280] {logging_mixin.py:104} INFO - [2023-04-28 12:16:08,279] {dag.py:1818} INFO - Sync 1 DAGs
[2023-04-28 12:16:08,290] {logging_mixin.py:104} INFO - [2023-04-28 12:16:08,290] {dag.py:2273} INFO - Setting next_dagrun for example_kubernetes_executor_config to None
[2023-04-28 12:16:08,297] {scheduler_job.py:190} INFO - Processing /home/airflow/.local/lib/python3.6/site-packages/airflow/example_dags/example_kubernetes_executor_config.py took 0.046 seconds
[2023-04-28 12:16:39,119] {scheduler_job.py:182} INFO - Started process (PID=379) to work on /home/airflow/.local/lib/python3.6/site-packages/airflow/example_dags/example_kubernetes_executor_config.py
[2023-04-28 12:16:39,119] {scheduler_job.py:629} INFO - Processing file /home/airflow/.local/lib/python3.6/site-packages/airflow/example_dags/example_kubernetes_executor_config.py for tasks to queue
[2023-04-28 12:16:39,120] {logging_mixin.py:104} INFO - [2023-04-28 12:16:39,120] {dagbag.py:448} INFO - Filling up the DagBag from /home/airflow/.local/lib/python3.6/site-packages/airflow/example_dags/example_kubernetes_executor_config.py
[2023-04-28 12:16:39,130] {scheduler_job.py:639} INFO - DAG(s) dict_keys(['example_kubernetes_executor_config']) retrieved from /home/airflow/.local/lib/python3.6/site-packages/airflow/example_dags/example_kubernetes_executor_config.py
[2023-04-28 12:16:39,145] {logging_mixin.py:104} INFO - [2023-04-28 12:16:39,145] {dag.py:1818} INFO - Sync 1 DAGs
[2023-04-28 12:16:39,155] {logging_mixin.py:104} INFO - [2023-04-28 12:16:39,155] {dag.py:2273} INFO - Setting next_dagrun for example_kubernetes_executor_config to None
[2023-04-28 12:16:39,162] {scheduler_job.py:190} INFO - Processing /home/airflow/.local/lib/python3.6/site-packages/airflow/example_dags/example_kubernetes_executor_config.py took 0.045 seconds
[2023-04-28 12:17:09,972] {scheduler_job.py:182} INFO - Started process (PID=405) to work on /home/airflow/.local/lib/python3.6/site-packages/airflow/example_dags/example_kubernetes_executor_config.py
[2023-04-28 12:17:09,973] {scheduler_job.py:629} INFO - Processing file /home/airflow/.local/lib/python3.6/site-packages/airflow/example_dags/example_kubernetes_executor_config.py for tasks to queue
[2023-04-28 12:17:09,974] {logging_mixin.py:104} INFO - [2023-04-28 12:17:09,974] {dagbag.py:448} INFO - Filling up the DagBag from /home/airflow/.local/lib/python3.6/site-packages/airflow/example_dags/example_kubernetes_executor_config.py
[2023-04-28 12:17:09,983] {scheduler_job.py:639} INFO - DAG(s) dict_keys(['example_kubernetes_executor_config']) retrieved from /home/airflow/.local/lib/python3.6/site-packages/airflow/example_dags/example_kubernetes_executor_config.py
[2023-04-28 12:17:09,999] {logging_mixin.py:104} INFO - [2023-04-28 12:17:09,999] {dag.py:1818} INFO - Sync 1 DAGs
[2023-04-28 12:17:10,009] {logging_mixin.py:104} INFO - [2023-04-28 12:17:10,009] {dag.py:2273} INFO - Setting next_dagrun for example_kubernetes_executor_config to None
[2023-04-28 12:17:10,015] {scheduler_job.py:190} INFO - Processing /home/airflow/.local/lib/python3.6/site-packages/airflow/example_dags/example_kubernetes_executor_config.py took 0.046 seconds
[2023-04-28 12:17:40,932] {scheduler_job.py:182} INFO - Started process (PID=431) to work on /home/airflow/.local/lib/python3.6/site-packages/airflow/example_dags/example_kubernetes_executor_config.py
[2023-04-28 12:17:40,933] {scheduler_job.py:629} INFO - Processing file /home/airflow/.local/lib/python3.6/site-packages/airflow/example_dags/example_kubernetes_executor_config.py for tasks to queue
[2023-04-28 12:17:40,933] {logging_mixin.py:104} INFO - [2023-04-28 12:17:40,933] {dagbag.py:448} INFO - Filling up the DagBag from /home/airflow/.local/lib/python3.6/site-packages/airflow/example_dags/example_kubernetes_executor_config.py
[2023-04-28 12:17:40,944] {scheduler_job.py:639} INFO - DAG(s) dict_keys(['example_kubernetes_executor_config']) retrieved from /home/airflow/.local/lib/python3.6/site-packages/airflow/example_dags/example_kubernetes_executor_config.py
[2023-04-28 12:17:40,962] {logging_mixin.py:104} INFO - [2023-04-28 12:17:40,962] {dag.py:1818} INFO - Sync 1 DAGs
[2023-04-28 12:17:40,974] {logging_mixin.py:104} INFO - [2023-04-28 12:17:40,974] {dag.py:2273} INFO - Setting next_dagrun for example_kubernetes_executor_config to None
[2023-04-28 12:17:40,980] {scheduler_job.py:190} INFO - Processing /home/airflow/.local/lib/python3.6/site-packages/airflow/example_dags/example_kubernetes_executor_config.py took 0.052 seconds
[2023-04-28 12:18:11,908] {scheduler_job.py:182} INFO - Started process (PID=457) to work on /home/airflow/.local/lib/python3.6/site-packages/airflow/example_dags/example_kubernetes_executor_config.py
[2023-04-28 12:18:11,909] {scheduler_job.py:629} INFO - Processing file /home/airflow/.local/lib/python3.6/site-packages/airflow/example_dags/example_kubernetes_executor_config.py for tasks to queue
[2023-04-28 12:18:11,910] {logging_mixin.py:104} INFO - [2023-04-28 12:18:11,910] {dagbag.py:448} INFO - Filling up the DagBag from /home/airflow/.local/lib/python3.6/site-packages/airflow/example_dags/example_kubernetes_executor_config.py
[2023-04-28 12:18:11,920] {scheduler_job.py:639} INFO - DAG(s) dict_keys(['example_kubernetes_executor_config']) retrieved from /home/airflow/.local/lib/python3.6/site-packages/airflow/example_dags/example_kubernetes_executor_config.py
[2023-04-28 12:18:11,937] {logging_mixin.py:104} INFO - [2023-04-28 12:18:11,937] {dag.py:1818} INFO - Sync 1 DAGs
[2023-04-28 12:18:11,948] {logging_mixin.py:104} INFO - [2023-04-28 12:18:11,948] {dag.py:2273} INFO - Setting next_dagrun for example_kubernetes_executor_config to None
[2023-04-28 12:18:11,955] {scheduler_job.py:190} INFO - Processing /home/airflow/.local/lib/python3.6/site-packages/airflow/example_dags/example_kubernetes_executor_config.py took 0.049 seconds
[2023-04-28 12:18:42,917] {scheduler_job.py:182} INFO - Started process (PID=483) to work on /home/airflow/.local/lib/python3.6/site-packages/airflow/example_dags/example_kubernetes_executor_config.py
[2023-04-28 12:18:42,918] {scheduler_job.py:629} INFO - Processing file /home/airflow/.local/lib/python3.6/site-packages/airflow/example_dags/example_kubernetes_executor_config.py for tasks to queue
[2023-04-28 12:18:42,918] {logging_mixin.py:104} INFO - [2023-04-28 12:18:42,918] {dagbag.py:448} INFO - Filling up the DagBag from /home/airflow/.local/lib/python3.6/site-packages/airflow/example_dags/example_kubernetes_executor_config.py
[2023-04-28 12:18:42,928] {scheduler_job.py:639} INFO - DAG(s) dict_keys(['example_kubernetes_executor_config']) retrieved from /home/airflow/.local/lib/python3.6/site-packages/airflow/example_dags/example_kubernetes_executor_config.py
[2023-04-28 12:18:42,944] {logging_mixin.py:104} INFO - [2023-04-28 12:18:42,944] {dag.py:1818} INFO - Sync 1 DAGs
[2023-04-28 12:18:42,954] {logging_mixin.py:104} INFO - [2023-04-28 12:18:42,954] {dag.py:2273} INFO - Setting next_dagrun for example_kubernetes_executor_config to None
[2023-04-28 12:18:42,961] {scheduler_job.py:190} INFO - Processing /home/airflow/.local/lib/python3.6/site-packages/airflow/example_dags/example_kubernetes_executor_config.py took 0.046 seconds
[2023-04-28 12:19:13,804] {scheduler_job.py:182} INFO - Started process (PID=509) to work on /home/airflow/.local/lib/python3.6/site-packages/airflow/example_dags/example_kubernetes_executor_config.py
[2023-04-28 12:19:13,805] {scheduler_job.py:629} INFO - Processing file /home/airflow/.local/lib/python3.6/site-packages/airflow/example_dags/example_kubernetes_executor_config.py for tasks to queue
[2023-04-28 12:19:13,806] {logging_mixin.py:104} INFO - [2023-04-28 12:19:13,806] {dagbag.py:448} INFO - Filling up the DagBag from /home/airflow/.local/lib/python3.6/site-packages/airflow/example_dags/example_kubernetes_executor_config.py
[2023-04-28 12:19:13,816] {scheduler_job.py:639} INFO - DAG(s) dict_keys(['example_kubernetes_executor_config']) retrieved from /home/airflow/.local/lib/python3.6/site-packages/airflow/example_dags/example_kubernetes_executor_config.py
[2023-04-28 12:19:13,832] {logging_mixin.py:104} INFO - [2023-04-28 12:19:13,831] {dag.py:1818} INFO - Sync 1 DAGs
[2023-04-28 12:19:13,843] {logging_mixin.py:104} INFO - [2023-04-28 12:19:13,843] {dag.py:2273} INFO - Setting next_dagrun for example_kubernetes_executor_config to None
[2023-04-28 12:19:13,849] {scheduler_job.py:190} INFO - Processing /home/airflow/.local/lib/python3.6/site-packages/airflow/example_dags/example_kubernetes_executor_config.py took 0.047 seconds
[2023-04-28 12:19:44,729] {scheduler_job.py:182} INFO - Started process (PID=535) to work on /home/airflow/.local/lib/python3.6/site-packages/airflow/example_dags/example_kubernetes_executor_config.py
[2023-04-28 12:19:44,730] {scheduler_job.py:629} INFO - Processing file /home/airflow/.local/lib/python3.6/site-packages/airflow/example_dags/example_kubernetes_executor_config.py for tasks to queue
[2023-04-28 12:19:44,730] {logging_mixin.py:104} INFO - [2023-04-28 12:19:44,730] {dagbag.py:448} INFO - Filling up the DagBag from /home/airflow/.local/lib/python3.6/site-packages/airflow/example_dags/example_kubernetes_executor_config.py
[2023-04-28 12:19:44,740] {scheduler_job.py:639} INFO - DAG(s) dict_keys(['example_kubernetes_executor_config']) retrieved from /home/airflow/.local/lib/python3.6/site-packages/airflow/example_dags/example_kubernetes_executor_config.py
[2023-04-28 12:19:44,756] {logging_mixin.py:104} INFO - [2023-04-28 12:19:44,756] {dag.py:1818} INFO - Sync 1 DAGs
[2023-04-28 12:19:44,768] {logging_mixin.py:104} INFO - [2023-04-28 12:19:44,768] {dag.py:2273} INFO - Setting next_dagrun for example_kubernetes_executor_config to None
[2023-04-28 12:19:44,776] {scheduler_job.py:190} INFO - Processing /home/airflow/.local/lib/python3.6/site-packages/airflow/example_dags/example_kubernetes_executor_config.py took 0.049 seconds
[2023-04-28 12:20:14,804] {scheduler_job.py:182} INFO - Started process (PID=560) to work on /home/airflow/.local/lib/python3.6/site-packages/airflow/example_dags/example_kubernetes_executor_config.py
[2023-04-28 12:20:14,805] {scheduler_job.py:629} INFO - Processing file /home/airflow/.local/lib/python3.6/site-packages/airflow/example_dags/example_kubernetes_executor_config.py for tasks to queue
[2023-04-28 12:20:14,805] {logging_mixin.py:104} INFO - [2023-04-28 12:20:14,805] {dagbag.py:448} INFO - Filling up the DagBag from /home/airflow/.local/lib/python3.6/site-packages/airflow/example_dags/example_kubernetes_executor_config.py
[2023-04-28 12:20:14,815] {scheduler_job.py:639} INFO - DAG(s) dict_keys(['example_kubernetes_executor_config']) retrieved from /home/airflow/.local/lib/python3.6/site-packages/airflow/example_dags/example_kubernetes_executor_config.py
[2023-04-28 12:20:14,832] {logging_mixin.py:104} INFO - [2023-04-28 12:20:14,832] {dag.py:1818} INFO - Sync 1 DAGs
[2023-04-28 12:20:14,842] {logging_mixin.py:104} INFO - [2023-04-28 12:20:14,842] {dag.py:2273} INFO - Setting next_dagrun for example_kubernetes_executor_config to None
[2023-04-28 12:20:14,849] {scheduler_job.py:190} INFO - Processing /home/airflow/.local/lib/python3.6/site-packages/airflow/example_dags/example_kubernetes_executor_config.py took 0.048 seconds
[2023-04-28 12:20:45,746] {scheduler_job.py:182} INFO - Started process (PID=587) to work on /home/airflow/.local/lib/python3.6/site-packages/airflow/example_dags/example_kubernetes_executor_config.py
[2023-04-28 12:20:45,747] {scheduler_job.py:629} INFO - Processing file /home/airflow/.local/lib/python3.6/site-packages/airflow/example_dags/example_kubernetes_executor_config.py for tasks to queue
[2023-04-28 12:20:45,748] {logging_mixin.py:104} INFO - [2023-04-28 12:20:45,748] {dagbag.py:448} INFO - Filling up the DagBag from /home/airflow/.local/lib/python3.6/site-packages/airflow/example_dags/example_kubernetes_executor_config.py
[2023-04-28 12:20:45,758] {scheduler_job.py:639} INFO - DAG(s) dict_keys(['example_kubernetes_executor_config']) retrieved from /home/airflow/.local/lib/python3.6/site-packages/airflow/example_dags/example_kubernetes_executor_config.py
[2023-04-28 12:20:45,775] {logging_mixin.py:104} INFO - [2023-04-28 12:20:45,775] {dag.py:1818} INFO - Sync 1 DAGs
[2023-04-28 12:20:45,786] {logging_mixin.py:104} INFO - [2023-04-28 12:20:45,786] {dag.py:2273} INFO - Setting next_dagrun for example_kubernetes_executor_config to None
[2023-04-28 12:20:45,793] {scheduler_job.py:190} INFO - Processing /home/airflow/.local/lib/python3.6/site-packages/airflow/example_dags/example_kubernetes_executor_config.py took 0.049 seconds
[2023-04-28 12:21:16,686] {scheduler_job.py:182} INFO - Started process (PID=613) to work on /home/airflow/.local/lib/python3.6/site-packages/airflow/example_dags/example_kubernetes_executor_config.py
[2023-04-28 12:21:16,687] {scheduler_job.py:629} INFO - Processing file /home/airflow/.local/lib/python3.6/site-packages/airflow/example_dags/example_kubernetes_executor_config.py for tasks to queue
[2023-04-28 12:21:16,687] {logging_mixin.py:104} INFO - [2023-04-28 12:21:16,687] {dagbag.py:448} INFO - Filling up the DagBag from /home/airflow/.local/lib/python3.6/site-packages/airflow/example_dags/example_kubernetes_executor_config.py
[2023-04-28 12:21:16,697] {scheduler_job.py:639} INFO - DAG(s) dict_keys(['example_kubernetes_executor_config']) retrieved from /home/airflow/.local/lib/python3.6/site-packages/airflow/example_dags/example_kubernetes_executor_config.py
[2023-04-28 12:21:16,714] {logging_mixin.py:104} INFO - [2023-04-28 12:21:16,714] {dag.py:1818} INFO - Sync 1 DAGs
[2023-04-28 12:21:16,724] {logging_mixin.py:104} INFO - [2023-04-28 12:21:16,724] {dag.py:2273} INFO - Setting next_dagrun for example_kubernetes_executor_config to None
[2023-04-28 12:21:16,731] {scheduler_job.py:190} INFO - Processing /home/airflow/.local/lib/python3.6/site-packages/airflow/example_dags/example_kubernetes_executor_config.py took 0.048 seconds
[2023-04-28 12:21:47,634] {scheduler_job.py:182} INFO - Started process (PID=639) to work on /home/airflow/.local/lib/python3.6/site-packages/airflow/example_dags/example_kubernetes_executor_config.py
[2023-04-28 12:21:47,635] {scheduler_job.py:629} INFO - Processing file /home/airflow/.local/lib/python3.6/site-packages/airflow/example_dags/example_kubernetes_executor_config.py for tasks to queue
[2023-04-28 12:21:47,636] {logging_mixin.py:104} INFO - [2023-04-28 12:21:47,636] {dagbag.py:448} INFO - Filling up the DagBag from /home/airflow/.local/lib/python3.6/site-packages/airflow/example_dags/example_kubernetes_executor_config.py
[2023-04-28 12:21:47,647] {scheduler_job.py:639} INFO - DAG(s) dict_keys(['example_kubernetes_executor_config']) retrieved from /home/airflow/.local/lib/python3.6/site-packages/airflow/example_dags/example_kubernetes_executor_config.py
[2023-04-28 12:21:47,664] {logging_mixin.py:104} INFO - [2023-04-28 12:21:47,664] {dag.py:1818} INFO - Sync 1 DAGs
[2023-04-28 12:21:47,675] {logging_mixin.py:104} INFO - [2023-04-28 12:21:47,675] {dag.py:2273} INFO - Setting next_dagrun for example_kubernetes_executor_config to None
[2023-04-28 12:21:47,683] {scheduler_job.py:190} INFO - Processing /home/airflow/.local/lib/python3.6/site-packages/airflow/example_dags/example_kubernetes_executor_config.py took 0.052 seconds
[2023-04-28 12:22:21,175] {scheduler_job.py:182} INFO - Started process (PID=39) to work on /home/airflow/.local/lib/python3.6/site-packages/airflow/example_dags/example_kubernetes_executor_config.py
[2023-04-28 12:22:21,176] {scheduler_job.py:629} INFO - Processing file /home/airflow/.local/lib/python3.6/site-packages/airflow/example_dags/example_kubernetes_executor_config.py for tasks to queue
[2023-04-28 12:22:21,177] {logging_mixin.py:104} INFO - [2023-04-28 12:22:21,177] {dagbag.py:448} INFO - Filling up the DagBag from /home/airflow/.local/lib/python3.6/site-packages/airflow/example_dags/example_kubernetes_executor_config.py
[2023-04-28 12:22:21,188] {scheduler_job.py:639} INFO - DAG(s) dict_keys(['example_kubernetes_executor_config']) retrieved from /home/airflow/.local/lib/python3.6/site-packages/airflow/example_dags/example_kubernetes_executor_config.py
[2023-04-28 12:22:21,209] {logging_mixin.py:104} INFO - [2023-04-28 12:22:21,209] {dag.py:1818} INFO - Sync 1 DAGs
[2023-04-28 12:22:21,225] {logging_mixin.py:104} INFO - [2023-04-28 12:22:21,225] {dag.py:2273} INFO - Setting next_dagrun for example_kubernetes_executor_config to None
[2023-04-28 12:22:21,242] {scheduler_job.py:190} INFO - Processing /home/airflow/.local/lib/python3.6/site-packages/airflow/example_dags/example_kubernetes_executor_config.py took 0.070 seconds
[2023-04-28 12:22:51,425] {scheduler_job.py:182} INFO - Started process (PID=65) to work on /home/airflow/.local/lib/python3.6/site-packages/airflow/example_dags/example_kubernetes_executor_config.py
[2023-04-28 12:22:51,426] {scheduler_job.py:629} INFO - Processing file /home/airflow/.local/lib/python3.6/site-packages/airflow/example_dags/example_kubernetes_executor_config.py for tasks to queue
[2023-04-28 12:22:51,427] {logging_mixin.py:104} INFO - [2023-04-28 12:22:51,427] {dagbag.py:448} INFO - Filling up the DagBag from /home/airflow/.local/lib/python3.6/site-packages/airflow/example_dags/example_kubernetes_executor_config.py
[2023-04-28 12:22:51,436] {scheduler_job.py:639} INFO - DAG(s) dict_keys(['example_kubernetes_executor_config']) retrieved from /home/airflow/.local/lib/python3.6/site-packages/airflow/example_dags/example_kubernetes_executor_config.py
[2023-04-28 12:22:51,452] {logging_mixin.py:104} INFO - [2023-04-28 12:22:51,452] {dag.py:1818} INFO - Sync 1 DAGs
[2023-04-28 12:22:51,461] {logging_mixin.py:104} INFO - [2023-04-28 12:22:51,461] {dag.py:2273} INFO - Setting next_dagrun for example_kubernetes_executor_config to None
[2023-04-28 12:22:51,469] {scheduler_job.py:190} INFO - Processing /home/airflow/.local/lib/python3.6/site-packages/airflow/example_dags/example_kubernetes_executor_config.py took 0.046 seconds
[2023-04-28 12:23:22,441] {scheduler_job.py:182} INFO - Started process (PID=91) to work on /home/airflow/.local/lib/python3.6/site-packages/airflow/example_dags/example_kubernetes_executor_config.py
[2023-04-28 12:23:22,442] {scheduler_job.py:629} INFO - Processing file /home/airflow/.local/lib/python3.6/site-packages/airflow/example_dags/example_kubernetes_executor_config.py for tasks to queue
[2023-04-28 12:23:22,443] {logging_mixin.py:104} INFO - [2023-04-28 12:23:22,442] {dagbag.py:448} INFO - Filling up the DagBag from /home/airflow/.local/lib/python3.6/site-packages/airflow/example_dags/example_kubernetes_executor_config.py
[2023-04-28 12:23:22,452] {scheduler_job.py:639} INFO - DAG(s) dict_keys(['example_kubernetes_executor_config']) retrieved from /home/airflow/.local/lib/python3.6/site-packages/airflow/example_dags/example_kubernetes_executor_config.py
[2023-04-28 12:23:22,468] {logging_mixin.py:104} INFO - [2023-04-28 12:23:22,468] {dag.py:1818} INFO - Sync 1 DAGs
[2023-04-28 12:23:22,479] {logging_mixin.py:104} INFO - [2023-04-28 12:23:22,479] {dag.py:2273} INFO - Setting next_dagrun for example_kubernetes_executor_config to None
[2023-04-28 12:23:22,485] {scheduler_job.py:190} INFO - Processing /home/airflow/.local/lib/python3.6/site-packages/airflow/example_dags/example_kubernetes_executor_config.py took 0.047 seconds
[2023-04-28 12:23:53,491] {scheduler_job.py:182} INFO - Started process (PID=117) to work on /home/airflow/.local/lib/python3.6/site-packages/airflow/example_dags/example_kubernetes_executor_config.py
[2023-04-28 12:23:53,492] {scheduler_job.py:629} INFO - Processing file /home/airflow/.local/lib/python3.6/site-packages/airflow/example_dags/example_kubernetes_executor_config.py for tasks to queue
[2023-04-28 12:23:53,493] {logging_mixin.py:104} INFO - [2023-04-28 12:23:53,493] {dagbag.py:448} INFO - Filling up the DagBag from /home/airflow/.local/lib/python3.6/site-packages/airflow/example_dags/example_kubernetes_executor_config.py
[2023-04-28 12:23:53,503] {scheduler_job.py:639} INFO - DAG(s) dict_keys(['example_kubernetes_executor_config']) retrieved from /home/airflow/.local/lib/python3.6/site-packages/airflow/example_dags/example_kubernetes_executor_config.py
[2023-04-28 12:23:53,519] {logging_mixin.py:104} INFO - [2023-04-28 12:23:53,519] {dag.py:1818} INFO - Sync 1 DAGs
[2023-04-28 12:23:53,529] {logging_mixin.py:104} INFO - [2023-04-28 12:23:53,529] {dag.py:2273} INFO - Setting next_dagrun for example_kubernetes_executor_config to None
[2023-04-28 12:23:53,537] {scheduler_job.py:190} INFO - Processing /home/airflow/.local/lib/python3.6/site-packages/airflow/example_dags/example_kubernetes_executor_config.py took 0.048 seconds
[2023-04-28 12:24:24,509] {scheduler_job.py:182} INFO - Started process (PID=143) to work on /home/airflow/.local/lib/python3.6/site-packages/airflow/example_dags/example_kubernetes_executor_config.py
[2023-04-28 12:24:24,510] {scheduler_job.py:629} INFO - Processing file /home/airflow/.local/lib/python3.6/site-packages/airflow/example_dags/example_kubernetes_executor_config.py for tasks to queue
[2023-04-28 12:24:24,511] {logging_mixin.py:104} INFO - [2023-04-28 12:24:24,510] {dagbag.py:448} INFO - Filling up the DagBag from /home/airflow/.local/lib/python3.6/site-packages/airflow/example_dags/example_kubernetes_executor_config.py
[2023-04-28 12:24:24,520] {scheduler_job.py:639} INFO - DAG(s) dict_keys(['example_kubernetes_executor_config']) retrieved from /home/airflow/.local/lib/python3.6/site-packages/airflow/example_dags/example_kubernetes_executor_config.py
[2023-04-28 12:24:24,536] {logging_mixin.py:104} INFO - [2023-04-28 12:24:24,536] {dag.py:1818} INFO - Sync 1 DAGs
[2023-04-28 12:24:24,547] {logging_mixin.py:104} INFO - [2023-04-28 12:24:24,547] {dag.py:2273} INFO - Setting next_dagrun for example_kubernetes_executor_config to None
[2023-04-28 12:24:24,556] {scheduler_job.py:190} INFO - Processing /home/airflow/.local/lib/python3.6/site-packages/airflow/example_dags/example_kubernetes_executor_config.py took 0.050 seconds
[2023-04-28 12:24:55,473] {scheduler_job.py:182} INFO - Started process (PID=169) to work on /home/airflow/.local/lib/python3.6/site-packages/airflow/example_dags/example_kubernetes_executor_config.py
[2023-04-28 12:24:55,474] {scheduler_job.py:629} INFO - Processing file /home/airflow/.local/lib/python3.6/site-packages/airflow/example_dags/example_kubernetes_executor_config.py for tasks to queue
[2023-04-28 12:24:55,475] {logging_mixin.py:104} INFO - [2023-04-28 12:24:55,475] {dagbag.py:448} INFO - Filling up the DagBag from /home/airflow/.local/lib/python3.6/site-packages/airflow/example_dags/example_kubernetes_executor_config.py
[2023-04-28 12:24:55,484] {scheduler_job.py:639} INFO - DAG(s) dict_keys(['example_kubernetes_executor_config']) retrieved from /home/airflow/.local/lib/python3.6/site-packages/airflow/example_dags/example_kubernetes_executor_config.py
[2023-04-28 12:24:55,500] {logging_mixin.py:104} INFO - [2023-04-28 12:24:55,500] {dag.py:1818} INFO - Sync 1 DAGs
[2023-04-28 12:24:55,510] {logging_mixin.py:104} INFO - [2023-04-28 12:24:55,510] {dag.py:2273} INFO - Setting next_dagrun for example_kubernetes_executor_config to None
[2023-04-28 12:24:55,518] {scheduler_job.py:190} INFO - Processing /home/airflow/.local/lib/python3.6/site-packages/airflow/example_dags/example_kubernetes_executor_config.py took 0.047 seconds
