[2023-04-28 11:57:50,666] {scheduler_job.py:182} INFO - Started process (PID=44) to work on /home/airflow/.local/lib/python3.6/site-packages/airflow/example_dags/tutorial_taskflow_api_etl.py
[2023-04-28 11:57:50,667] {scheduler_job.py:629} INFO - Processing file /home/airflow/.local/lib/python3.6/site-packages/airflow/example_dags/tutorial_taskflow_api_etl.py for tasks to queue
[2023-04-28 11:57:50,668] {logging_mixin.py:104} INFO - [2023-04-28 11:57:50,667] {dagbag.py:448} INFO - Filling up the DagBag from /home/airflow/.local/lib/python3.6/site-packages/airflow/example_dags/tutorial_taskflow_api_etl.py
[2023-04-28 11:57:50,679] {scheduler_job.py:639} INFO - DAG(s) dict_keys(['tutorial_taskflow_api_etl']) retrieved from /home/airflow/.local/lib/python3.6/site-packages/airflow/example_dags/tutorial_taskflow_api_etl.py
[2023-04-28 11:57:50,698] {logging_mixin.py:104} INFO - [2023-04-28 11:57:50,698] {dag.py:1818} INFO - Sync 1 DAGs
[2023-04-28 11:57:50,706] {logging_mixin.py:104} INFO - [2023-04-28 11:57:50,706] {dag.py:1837} INFO - Creating ORM DAG for tutorial_taskflow_api_etl
[2023-04-28 11:57:50,710] {logging_mixin.py:104} INFO - [2023-04-28 11:57:50,710] {dag.py:2273} INFO - Setting next_dagrun for tutorial_taskflow_api_etl to None
[2023-04-28 11:57:50,722] {scheduler_job.py:190} INFO - Processing /home/airflow/.local/lib/python3.6/site-packages/airflow/example_dags/tutorial_taskflow_api_etl.py took 0.060 seconds
[2023-04-28 11:58:20,910] {scheduler_job.py:182} INFO - Started process (PID=70) to work on /home/airflow/.local/lib/python3.6/site-packages/airflow/example_dags/tutorial_taskflow_api_etl.py
[2023-04-28 11:58:20,911] {scheduler_job.py:629} INFO - Processing file /home/airflow/.local/lib/python3.6/site-packages/airflow/example_dags/tutorial_taskflow_api_etl.py for tasks to queue
[2023-04-28 11:58:20,912] {logging_mixin.py:104} INFO - [2023-04-28 11:58:20,912] {dagbag.py:448} INFO - Filling up the DagBag from /home/airflow/.local/lib/python3.6/site-packages/airflow/example_dags/tutorial_taskflow_api_etl.py
[2023-04-28 11:58:20,922] {scheduler_job.py:639} INFO - DAG(s) dict_keys(['tutorial_taskflow_api_etl']) retrieved from /home/airflow/.local/lib/python3.6/site-packages/airflow/example_dags/tutorial_taskflow_api_etl.py
[2023-04-28 11:58:20,937] {logging_mixin.py:104} INFO - [2023-04-28 11:58:20,937] {dag.py:1818} INFO - Sync 1 DAGs
[2023-04-28 11:58:20,947] {logging_mixin.py:104} INFO - [2023-04-28 11:58:20,947] {dag.py:2273} INFO - Setting next_dagrun for tutorial_taskflow_api_etl to None
[2023-04-28 11:58:20,955] {scheduler_job.py:190} INFO - Processing /home/airflow/.local/lib/python3.6/site-packages/airflow/example_dags/tutorial_taskflow_api_etl.py took 0.047 seconds
[2023-04-28 11:58:51,848] {scheduler_job.py:182} INFO - Started process (PID=95) to work on /home/airflow/.local/lib/python3.6/site-packages/airflow/example_dags/tutorial_taskflow_api_etl.py
[2023-04-28 11:58:51,849] {scheduler_job.py:629} INFO - Processing file /home/airflow/.local/lib/python3.6/site-packages/airflow/example_dags/tutorial_taskflow_api_etl.py for tasks to queue
[2023-04-28 11:58:51,849] {logging_mixin.py:104} INFO - [2023-04-28 11:58:51,849] {dagbag.py:448} INFO - Filling up the DagBag from /home/airflow/.local/lib/python3.6/site-packages/airflow/example_dags/tutorial_taskflow_api_etl.py
[2023-04-28 11:58:51,859] {scheduler_job.py:639} INFO - DAG(s) dict_keys(['tutorial_taskflow_api_etl']) retrieved from /home/airflow/.local/lib/python3.6/site-packages/airflow/example_dags/tutorial_taskflow_api_etl.py
[2023-04-28 11:58:51,874] {logging_mixin.py:104} INFO - [2023-04-28 11:58:51,874] {dag.py:1818} INFO - Sync 1 DAGs
[2023-04-28 11:58:51,885] {logging_mixin.py:104} INFO - [2023-04-28 11:58:51,884] {dag.py:2273} INFO - Setting next_dagrun for tutorial_taskflow_api_etl to None
[2023-04-28 11:58:51,894] {scheduler_job.py:190} INFO - Processing /home/airflow/.local/lib/python3.6/site-packages/airflow/example_dags/tutorial_taskflow_api_etl.py took 0.048 seconds
[2023-04-28 11:59:22,763] {scheduler_job.py:182} INFO - Started process (PID=121) to work on /home/airflow/.local/lib/python3.6/site-packages/airflow/example_dags/tutorial_taskflow_api_etl.py
[2023-04-28 11:59:22,764] {scheduler_job.py:629} INFO - Processing file /home/airflow/.local/lib/python3.6/site-packages/airflow/example_dags/tutorial_taskflow_api_etl.py for tasks to queue
[2023-04-28 11:59:22,764] {logging_mixin.py:104} INFO - [2023-04-28 11:59:22,764] {dagbag.py:448} INFO - Filling up the DagBag from /home/airflow/.local/lib/python3.6/site-packages/airflow/example_dags/tutorial_taskflow_api_etl.py
[2023-04-28 11:59:22,774] {scheduler_job.py:639} INFO - DAG(s) dict_keys(['tutorial_taskflow_api_etl']) retrieved from /home/airflow/.local/lib/python3.6/site-packages/airflow/example_dags/tutorial_taskflow_api_etl.py
[2023-04-28 11:59:22,789] {logging_mixin.py:104} INFO - [2023-04-28 11:59:22,789] {dag.py:1818} INFO - Sync 1 DAGs
[2023-04-28 11:59:22,799] {logging_mixin.py:104} INFO - [2023-04-28 11:59:22,799] {dag.py:2273} INFO - Setting next_dagrun for tutorial_taskflow_api_etl to None
[2023-04-28 11:59:22,807] {scheduler_job.py:190} INFO - Processing /home/airflow/.local/lib/python3.6/site-packages/airflow/example_dags/tutorial_taskflow_api_etl.py took 0.046 seconds
[2023-04-28 11:59:52,832] {scheduler_job.py:182} INFO - Started process (PID=146) to work on /home/airflow/.local/lib/python3.6/site-packages/airflow/example_dags/tutorial_taskflow_api_etl.py
[2023-04-28 11:59:52,833] {scheduler_job.py:629} INFO - Processing file /home/airflow/.local/lib/python3.6/site-packages/airflow/example_dags/tutorial_taskflow_api_etl.py for tasks to queue
[2023-04-28 11:59:52,834] {logging_mixin.py:104} INFO - [2023-04-28 11:59:52,833] {dagbag.py:448} INFO - Filling up the DagBag from /home/airflow/.local/lib/python3.6/site-packages/airflow/example_dags/tutorial_taskflow_api_etl.py
[2023-04-28 11:59:52,843] {scheduler_job.py:639} INFO - DAG(s) dict_keys(['tutorial_taskflow_api_etl']) retrieved from /home/airflow/.local/lib/python3.6/site-packages/airflow/example_dags/tutorial_taskflow_api_etl.py
[2023-04-28 11:59:52,858] {logging_mixin.py:104} INFO - [2023-04-28 11:59:52,857] {dag.py:1818} INFO - Sync 1 DAGs
[2023-04-28 11:59:52,868] {logging_mixin.py:104} INFO - [2023-04-28 11:59:52,867] {dag.py:2273} INFO - Setting next_dagrun for tutorial_taskflow_api_etl to None
[2023-04-28 11:59:52,876] {scheduler_job.py:190} INFO - Processing /home/airflow/.local/lib/python3.6/site-packages/airflow/example_dags/tutorial_taskflow_api_etl.py took 0.046 seconds
[2023-04-28 12:00:23,780] {scheduler_job.py:182} INFO - Started process (PID=173) to work on /home/airflow/.local/lib/python3.6/site-packages/airflow/example_dags/tutorial_taskflow_api_etl.py
[2023-04-28 12:00:23,781] {scheduler_job.py:629} INFO - Processing file /home/airflow/.local/lib/python3.6/site-packages/airflow/example_dags/tutorial_taskflow_api_etl.py for tasks to queue
[2023-04-28 12:00:23,782] {logging_mixin.py:104} INFO - [2023-04-28 12:00:23,782] {dagbag.py:448} INFO - Filling up the DagBag from /home/airflow/.local/lib/python3.6/site-packages/airflow/example_dags/tutorial_taskflow_api_etl.py
[2023-04-28 12:00:23,791] {scheduler_job.py:639} INFO - DAG(s) dict_keys(['tutorial_taskflow_api_etl']) retrieved from /home/airflow/.local/lib/python3.6/site-packages/airflow/example_dags/tutorial_taskflow_api_etl.py
[2023-04-28 12:00:23,806] {logging_mixin.py:104} INFO - [2023-04-28 12:00:23,806] {dag.py:1818} INFO - Sync 1 DAGs
[2023-04-28 12:00:23,816] {logging_mixin.py:104} INFO - [2023-04-28 12:00:23,816] {dag.py:2273} INFO - Setting next_dagrun for tutorial_taskflow_api_etl to None
[2023-04-28 12:00:23,824] {scheduler_job.py:190} INFO - Processing /home/airflow/.local/lib/python3.6/site-packages/airflow/example_dags/tutorial_taskflow_api_etl.py took 0.047 seconds
[2023-04-28 12:00:54,729] {scheduler_job.py:182} INFO - Started process (PID=199) to work on /home/airflow/.local/lib/python3.6/site-packages/airflow/example_dags/tutorial_taskflow_api_etl.py
[2023-04-28 12:00:54,731] {scheduler_job.py:629} INFO - Processing file /home/airflow/.local/lib/python3.6/site-packages/airflow/example_dags/tutorial_taskflow_api_etl.py for tasks to queue
[2023-04-28 12:00:54,732] {logging_mixin.py:104} INFO - [2023-04-28 12:00:54,732] {dagbag.py:448} INFO - Filling up the DagBag from /home/airflow/.local/lib/python3.6/site-packages/airflow/example_dags/tutorial_taskflow_api_etl.py
[2023-04-28 12:00:54,744] {scheduler_job.py:639} INFO - DAG(s) dict_keys(['tutorial_taskflow_api_etl']) retrieved from /home/airflow/.local/lib/python3.6/site-packages/airflow/example_dags/tutorial_taskflow_api_etl.py
[2023-04-28 12:00:54,767] {logging_mixin.py:104} INFO - [2023-04-28 12:00:54,766] {dag.py:1818} INFO - Sync 1 DAGs
[2023-04-28 12:00:54,781] {logging_mixin.py:104} INFO - [2023-04-28 12:00:54,781] {dag.py:2273} INFO - Setting next_dagrun for tutorial_taskflow_api_etl to None
[2023-04-28 12:00:54,790] {scheduler_job.py:190} INFO - Processing /home/airflow/.local/lib/python3.6/site-packages/airflow/example_dags/tutorial_taskflow_api_etl.py took 0.065 seconds
[2023-04-28 12:01:25,652] {scheduler_job.py:182} INFO - Started process (PID=225) to work on /home/airflow/.local/lib/python3.6/site-packages/airflow/example_dags/tutorial_taskflow_api_etl.py
[2023-04-28 12:01:25,653] {scheduler_job.py:629} INFO - Processing file /home/airflow/.local/lib/python3.6/site-packages/airflow/example_dags/tutorial_taskflow_api_etl.py for tasks to queue
[2023-04-28 12:01:25,654] {logging_mixin.py:104} INFO - [2023-04-28 12:01:25,653] {dagbag.py:448} INFO - Filling up the DagBag from /home/airflow/.local/lib/python3.6/site-packages/airflow/example_dags/tutorial_taskflow_api_etl.py
[2023-04-28 12:01:25,663] {scheduler_job.py:639} INFO - DAG(s) dict_keys(['tutorial_taskflow_api_etl']) retrieved from /home/airflow/.local/lib/python3.6/site-packages/airflow/example_dags/tutorial_taskflow_api_etl.py
[2023-04-28 12:01:25,679] {logging_mixin.py:104} INFO - [2023-04-28 12:01:25,679] {dag.py:1818} INFO - Sync 1 DAGs
[2023-04-28 12:01:25,690] {logging_mixin.py:104} INFO - [2023-04-28 12:01:25,690] {dag.py:2273} INFO - Setting next_dagrun for tutorial_taskflow_api_etl to None
[2023-04-28 12:01:25,698] {scheduler_job.py:190} INFO - Processing /home/airflow/.local/lib/python3.6/site-packages/airflow/example_dags/tutorial_taskflow_api_etl.py took 0.049 seconds
[2023-04-28 12:01:56,550] {scheduler_job.py:182} INFO - Started process (PID=251) to work on /home/airflow/.local/lib/python3.6/site-packages/airflow/example_dags/tutorial_taskflow_api_etl.py
[2023-04-28 12:01:56,551] {scheduler_job.py:629} INFO - Processing file /home/airflow/.local/lib/python3.6/site-packages/airflow/example_dags/tutorial_taskflow_api_etl.py for tasks to queue
[2023-04-28 12:01:56,552] {logging_mixin.py:104} INFO - [2023-04-28 12:01:56,552] {dagbag.py:448} INFO - Filling up the DagBag from /home/airflow/.local/lib/python3.6/site-packages/airflow/example_dags/tutorial_taskflow_api_etl.py
[2023-04-28 12:01:56,561] {scheduler_job.py:639} INFO - DAG(s) dict_keys(['tutorial_taskflow_api_etl']) retrieved from /home/airflow/.local/lib/python3.6/site-packages/airflow/example_dags/tutorial_taskflow_api_etl.py
[2023-04-28 12:01:56,577] {logging_mixin.py:104} INFO - [2023-04-28 12:01:56,577] {dag.py:1818} INFO - Sync 1 DAGs
[2023-04-28 12:01:56,587] {logging_mixin.py:104} INFO - [2023-04-28 12:01:56,587] {dag.py:2273} INFO - Setting next_dagrun for tutorial_taskflow_api_etl to None
[2023-04-28 12:01:56,595] {scheduler_job.py:190} INFO - Processing /home/airflow/.local/lib/python3.6/site-packages/airflow/example_dags/tutorial_taskflow_api_etl.py took 0.047 seconds
[2023-04-28 12:02:27,522] {scheduler_job.py:182} INFO - Started process (PID=277) to work on /home/airflow/.local/lib/python3.6/site-packages/airflow/example_dags/tutorial_taskflow_api_etl.py
[2023-04-28 12:02:27,523] {scheduler_job.py:629} INFO - Processing file /home/airflow/.local/lib/python3.6/site-packages/airflow/example_dags/tutorial_taskflow_api_etl.py for tasks to queue
[2023-04-28 12:02:27,523] {logging_mixin.py:104} INFO - [2023-04-28 12:02:27,523] {dagbag.py:448} INFO - Filling up the DagBag from /home/airflow/.local/lib/python3.6/site-packages/airflow/example_dags/tutorial_taskflow_api_etl.py
[2023-04-28 12:02:27,533] {scheduler_job.py:639} INFO - DAG(s) dict_keys(['tutorial_taskflow_api_etl']) retrieved from /home/airflow/.local/lib/python3.6/site-packages/airflow/example_dags/tutorial_taskflow_api_etl.py
[2023-04-28 12:02:27,549] {logging_mixin.py:104} INFO - [2023-04-28 12:02:27,549] {dag.py:1818} INFO - Sync 1 DAGs
[2023-04-28 12:02:27,561] {logging_mixin.py:104} INFO - [2023-04-28 12:02:27,560] {dag.py:2273} INFO - Setting next_dagrun for tutorial_taskflow_api_etl to None
[2023-04-28 12:02:27,569] {scheduler_job.py:190} INFO - Processing /home/airflow/.local/lib/python3.6/site-packages/airflow/example_dags/tutorial_taskflow_api_etl.py took 0.050 seconds
[2023-04-28 12:02:57,640] {scheduler_job.py:182} INFO - Started process (PID=303) to work on /home/airflow/.local/lib/python3.6/site-packages/airflow/example_dags/tutorial_taskflow_api_etl.py
[2023-04-28 12:02:57,641] {scheduler_job.py:629} INFO - Processing file /home/airflow/.local/lib/python3.6/site-packages/airflow/example_dags/tutorial_taskflow_api_etl.py for tasks to queue
[2023-04-28 12:02:57,641] {logging_mixin.py:104} INFO - [2023-04-28 12:02:57,641] {dagbag.py:448} INFO - Filling up the DagBag from /home/airflow/.local/lib/python3.6/site-packages/airflow/example_dags/tutorial_taskflow_api_etl.py
[2023-04-28 12:02:57,650] {scheduler_job.py:639} INFO - DAG(s) dict_keys(['tutorial_taskflow_api_etl']) retrieved from /home/airflow/.local/lib/python3.6/site-packages/airflow/example_dags/tutorial_taskflow_api_etl.py
[2023-04-28 12:02:57,665] {logging_mixin.py:104} INFO - [2023-04-28 12:02:57,665] {dag.py:1818} INFO - Sync 1 DAGs
[2023-04-28 12:02:57,677] {logging_mixin.py:104} INFO - [2023-04-28 12:02:57,677] {dag.py:2273} INFO - Setting next_dagrun for tutorial_taskflow_api_etl to None
[2023-04-28 12:02:57,684] {scheduler_job.py:190} INFO - Processing /home/airflow/.local/lib/python3.6/site-packages/airflow/example_dags/tutorial_taskflow_api_etl.py took 0.047 seconds
[2023-04-28 12:03:28,580] {scheduler_job.py:182} INFO - Started process (PID=329) to work on /home/airflow/.local/lib/python3.6/site-packages/airflow/example_dags/tutorial_taskflow_api_etl.py
[2023-04-28 12:03:28,581] {scheduler_job.py:629} INFO - Processing file /home/airflow/.local/lib/python3.6/site-packages/airflow/example_dags/tutorial_taskflow_api_etl.py for tasks to queue
[2023-04-28 12:03:28,581] {logging_mixin.py:104} INFO - [2023-04-28 12:03:28,581] {dagbag.py:448} INFO - Filling up the DagBag from /home/airflow/.local/lib/python3.6/site-packages/airflow/example_dags/tutorial_taskflow_api_etl.py
[2023-04-28 12:03:28,591] {scheduler_job.py:639} INFO - DAG(s) dict_keys(['tutorial_taskflow_api_etl']) retrieved from /home/airflow/.local/lib/python3.6/site-packages/airflow/example_dags/tutorial_taskflow_api_etl.py
[2023-04-28 12:03:28,606] {logging_mixin.py:104} INFO - [2023-04-28 12:03:28,606] {dag.py:1818} INFO - Sync 1 DAGs
[2023-04-28 12:03:28,619] {logging_mixin.py:104} INFO - [2023-04-28 12:03:28,619] {dag.py:2273} INFO - Setting next_dagrun for tutorial_taskflow_api_etl to None
[2023-04-28 12:03:28,627] {scheduler_job.py:190} INFO - Processing /home/airflow/.local/lib/python3.6/site-packages/airflow/example_dags/tutorial_taskflow_api_etl.py took 0.049 seconds
[2023-04-28 12:09:57,685] {scheduler_job.py:182} INFO - Started process (PID=50) to work on /home/airflow/.local/lib/python3.6/site-packages/airflow/example_dags/tutorial_taskflow_api_etl.py
[2023-04-28 12:09:57,686] {scheduler_job.py:629} INFO - Processing file /home/airflow/.local/lib/python3.6/site-packages/airflow/example_dags/tutorial_taskflow_api_etl.py for tasks to queue
[2023-04-28 12:09:57,686] {logging_mixin.py:104} INFO - [2023-04-28 12:09:57,686] {dagbag.py:448} INFO - Filling up the DagBag from /home/airflow/.local/lib/python3.6/site-packages/airflow/example_dags/tutorial_taskflow_api_etl.py
[2023-04-28 12:09:57,696] {scheduler_job.py:639} INFO - DAG(s) dict_keys(['tutorial_taskflow_api_etl']) retrieved from /home/airflow/.local/lib/python3.6/site-packages/airflow/example_dags/tutorial_taskflow_api_etl.py
[2023-04-28 12:09:57,714] {logging_mixin.py:104} INFO - [2023-04-28 12:09:57,714] {dag.py:1818} INFO - Sync 1 DAGs
[2023-04-28 12:09:57,725] {logging_mixin.py:104} INFO - [2023-04-28 12:09:57,725] {dag.py:2273} INFO - Setting next_dagrun for tutorial_taskflow_api_etl to None
[2023-04-28 12:09:57,734] {scheduler_job.py:190} INFO - Processing /home/airflow/.local/lib/python3.6/site-packages/airflow/example_dags/tutorial_taskflow_api_etl.py took 0.053 seconds
[2023-04-28 12:10:28,593] {scheduler_job.py:182} INFO - Started process (PID=76) to work on /home/airflow/.local/lib/python3.6/site-packages/airflow/example_dags/tutorial_taskflow_api_etl.py
[2023-04-28 12:10:28,594] {scheduler_job.py:629} INFO - Processing file /home/airflow/.local/lib/python3.6/site-packages/airflow/example_dags/tutorial_taskflow_api_etl.py for tasks to queue
[2023-04-28 12:10:28,595] {logging_mixin.py:104} INFO - [2023-04-28 12:10:28,595] {dagbag.py:448} INFO - Filling up the DagBag from /home/airflow/.local/lib/python3.6/site-packages/airflow/example_dags/tutorial_taskflow_api_etl.py
[2023-04-28 12:10:28,604] {scheduler_job.py:639} INFO - DAG(s) dict_keys(['tutorial_taskflow_api_etl']) retrieved from /home/airflow/.local/lib/python3.6/site-packages/airflow/example_dags/tutorial_taskflow_api_etl.py
[2023-04-28 12:10:28,619] {logging_mixin.py:104} INFO - [2023-04-28 12:10:28,619] {dag.py:1818} INFO - Sync 1 DAGs
[2023-04-28 12:10:28,629] {logging_mixin.py:104} INFO - [2023-04-28 12:10:28,629] {dag.py:2273} INFO - Setting next_dagrun for tutorial_taskflow_api_etl to None
[2023-04-28 12:10:28,637] {scheduler_job.py:190} INFO - Processing /home/airflow/.local/lib/python3.6/site-packages/airflow/example_dags/tutorial_taskflow_api_etl.py took 0.046 seconds
[2023-04-28 12:10:59,483] {scheduler_job.py:182} INFO - Started process (PID=102) to work on /home/airflow/.local/lib/python3.6/site-packages/airflow/example_dags/tutorial_taskflow_api_etl.py
[2023-04-28 12:10:59,484] {scheduler_job.py:629} INFO - Processing file /home/airflow/.local/lib/python3.6/site-packages/airflow/example_dags/tutorial_taskflow_api_etl.py for tasks to queue
[2023-04-28 12:10:59,485] {logging_mixin.py:104} INFO - [2023-04-28 12:10:59,485] {dagbag.py:448} INFO - Filling up the DagBag from /home/airflow/.local/lib/python3.6/site-packages/airflow/example_dags/tutorial_taskflow_api_etl.py
[2023-04-28 12:10:59,493] {scheduler_job.py:639} INFO - DAG(s) dict_keys(['tutorial_taskflow_api_etl']) retrieved from /home/airflow/.local/lib/python3.6/site-packages/airflow/example_dags/tutorial_taskflow_api_etl.py
[2023-04-28 12:10:59,508] {logging_mixin.py:104} INFO - [2023-04-28 12:10:59,508] {dag.py:1818} INFO - Sync 1 DAGs
[2023-04-28 12:10:59,518] {logging_mixin.py:104} INFO - [2023-04-28 12:10:59,518] {dag.py:2273} INFO - Setting next_dagrun for tutorial_taskflow_api_etl to None
[2023-04-28 12:10:59,525] {scheduler_job.py:190} INFO - Processing /home/airflow/.local/lib/python3.6/site-packages/airflow/example_dags/tutorial_taskflow_api_etl.py took 0.045 seconds
[2023-04-28 12:11:30,360] {scheduler_job.py:182} INFO - Started process (PID=128) to work on /home/airflow/.local/lib/python3.6/site-packages/airflow/example_dags/tutorial_taskflow_api_etl.py
[2023-04-28 12:11:30,361] {scheduler_job.py:629} INFO - Processing file /home/airflow/.local/lib/python3.6/site-packages/airflow/example_dags/tutorial_taskflow_api_etl.py for tasks to queue
[2023-04-28 12:11:30,362] {logging_mixin.py:104} INFO - [2023-04-28 12:11:30,362] {dagbag.py:448} INFO - Filling up the DagBag from /home/airflow/.local/lib/python3.6/site-packages/airflow/example_dags/tutorial_taskflow_api_etl.py
[2023-04-28 12:11:30,370] {scheduler_job.py:639} INFO - DAG(s) dict_keys(['tutorial_taskflow_api_etl']) retrieved from /home/airflow/.local/lib/python3.6/site-packages/airflow/example_dags/tutorial_taskflow_api_etl.py
[2023-04-28 12:11:30,385] {logging_mixin.py:104} INFO - [2023-04-28 12:11:30,385] {dag.py:1818} INFO - Sync 1 DAGs
[2023-04-28 12:11:30,394] {logging_mixin.py:104} INFO - [2023-04-28 12:11:30,394] {dag.py:2273} INFO - Setting next_dagrun for tutorial_taskflow_api_etl to None
[2023-04-28 12:11:30,403] {scheduler_job.py:190} INFO - Processing /home/airflow/.local/lib/python3.6/site-packages/airflow/example_dags/tutorial_taskflow_api_etl.py took 0.045 seconds
[2023-04-28 12:12:01,379] {scheduler_job.py:182} INFO - Started process (PID=154) to work on /home/airflow/.local/lib/python3.6/site-packages/airflow/example_dags/tutorial_taskflow_api_etl.py
[2023-04-28 12:12:01,380] {scheduler_job.py:629} INFO - Processing file /home/airflow/.local/lib/python3.6/site-packages/airflow/example_dags/tutorial_taskflow_api_etl.py for tasks to queue
[2023-04-28 12:12:01,380] {logging_mixin.py:104} INFO - [2023-04-28 12:12:01,380] {dagbag.py:448} INFO - Filling up the DagBag from /home/airflow/.local/lib/python3.6/site-packages/airflow/example_dags/tutorial_taskflow_api_etl.py
[2023-04-28 12:12:01,389] {scheduler_job.py:639} INFO - DAG(s) dict_keys(['tutorial_taskflow_api_etl']) retrieved from /home/airflow/.local/lib/python3.6/site-packages/airflow/example_dags/tutorial_taskflow_api_etl.py
[2023-04-28 12:12:01,404] {logging_mixin.py:104} INFO - [2023-04-28 12:12:01,404] {dag.py:1818} INFO - Sync 1 DAGs
[2023-04-28 12:12:01,413] {logging_mixin.py:104} INFO - [2023-04-28 12:12:01,413] {dag.py:2273} INFO - Setting next_dagrun for tutorial_taskflow_api_etl to None
[2023-04-28 12:12:01,421] {scheduler_job.py:190} INFO - Processing /home/airflow/.local/lib/python3.6/site-packages/airflow/example_dags/tutorial_taskflow_api_etl.py took 0.044 seconds
[2023-04-28 12:12:32,305] {scheduler_job.py:182} INFO - Started process (PID=180) to work on /home/airflow/.local/lib/python3.6/site-packages/airflow/example_dags/tutorial_taskflow_api_etl.py
[2023-04-28 12:12:32,307] {scheduler_job.py:629} INFO - Processing file /home/airflow/.local/lib/python3.6/site-packages/airflow/example_dags/tutorial_taskflow_api_etl.py for tasks to queue
[2023-04-28 12:12:32,307] {logging_mixin.py:104} INFO - [2023-04-28 12:12:32,307] {dagbag.py:448} INFO - Filling up the DagBag from /home/airflow/.local/lib/python3.6/site-packages/airflow/example_dags/tutorial_taskflow_api_etl.py
[2023-04-28 12:12:32,316] {scheduler_job.py:639} INFO - DAG(s) dict_keys(['tutorial_taskflow_api_etl']) retrieved from /home/airflow/.local/lib/python3.6/site-packages/airflow/example_dags/tutorial_taskflow_api_etl.py
[2023-04-28 12:12:32,331] {logging_mixin.py:104} INFO - [2023-04-28 12:12:32,331] {dag.py:1818} INFO - Sync 1 DAGs
[2023-04-28 12:12:32,341] {logging_mixin.py:104} INFO - [2023-04-28 12:12:32,341] {dag.py:2273} INFO - Setting next_dagrun for tutorial_taskflow_api_etl to None
[2023-04-28 12:12:32,349] {scheduler_job.py:190} INFO - Processing /home/airflow/.local/lib/python3.6/site-packages/airflow/example_dags/tutorial_taskflow_api_etl.py took 0.046 seconds
[2023-04-28 12:13:03,184] {scheduler_job.py:182} INFO - Started process (PID=206) to work on /home/airflow/.local/lib/python3.6/site-packages/airflow/example_dags/tutorial_taskflow_api_etl.py
[2023-04-28 12:13:03,185] {scheduler_job.py:629} INFO - Processing file /home/airflow/.local/lib/python3.6/site-packages/airflow/example_dags/tutorial_taskflow_api_etl.py for tasks to queue
[2023-04-28 12:13:03,185] {logging_mixin.py:104} INFO - [2023-04-28 12:13:03,185] {dagbag.py:448} INFO - Filling up the DagBag from /home/airflow/.local/lib/python3.6/site-packages/airflow/example_dags/tutorial_taskflow_api_etl.py
[2023-04-28 12:13:03,194] {scheduler_job.py:639} INFO - DAG(s) dict_keys(['tutorial_taskflow_api_etl']) retrieved from /home/airflow/.local/lib/python3.6/site-packages/airflow/example_dags/tutorial_taskflow_api_etl.py
[2023-04-28 12:13:03,209] {logging_mixin.py:104} INFO - [2023-04-28 12:13:03,209] {dag.py:1818} INFO - Sync 1 DAGs
[2023-04-28 12:13:03,218] {logging_mixin.py:104} INFO - [2023-04-28 12:13:03,218] {dag.py:2273} INFO - Setting next_dagrun for tutorial_taskflow_api_etl to None
[2023-04-28 12:13:03,226] {scheduler_job.py:190} INFO - Processing /home/airflow/.local/lib/python3.6/site-packages/airflow/example_dags/tutorial_taskflow_api_etl.py took 0.044 seconds
[2023-04-28 12:13:34,117] {scheduler_job.py:182} INFO - Started process (PID=232) to work on /home/airflow/.local/lib/python3.6/site-packages/airflow/example_dags/tutorial_taskflow_api_etl.py
[2023-04-28 12:13:34,118] {scheduler_job.py:629} INFO - Processing file /home/airflow/.local/lib/python3.6/site-packages/airflow/example_dags/tutorial_taskflow_api_etl.py for tasks to queue
[2023-04-28 12:13:34,118] {logging_mixin.py:104} INFO - [2023-04-28 12:13:34,118] {dagbag.py:448} INFO - Filling up the DagBag from /home/airflow/.local/lib/python3.6/site-packages/airflow/example_dags/tutorial_taskflow_api_etl.py
[2023-04-28 12:13:34,127] {scheduler_job.py:639} INFO - DAG(s) dict_keys(['tutorial_taskflow_api_etl']) retrieved from /home/airflow/.local/lib/python3.6/site-packages/airflow/example_dags/tutorial_taskflow_api_etl.py
[2023-04-28 12:13:34,143] {logging_mixin.py:104} INFO - [2023-04-28 12:13:34,143] {dag.py:1818} INFO - Sync 1 DAGs
[2023-04-28 12:13:34,152] {logging_mixin.py:104} INFO - [2023-04-28 12:13:34,152] {dag.py:2273} INFO - Setting next_dagrun for tutorial_taskflow_api_etl to None
[2023-04-28 12:13:34,160] {scheduler_job.py:190} INFO - Processing /home/airflow/.local/lib/python3.6/site-packages/airflow/example_dags/tutorial_taskflow_api_etl.py took 0.045 seconds
[2023-04-28 12:14:05,000] {scheduler_job.py:182} INFO - Started process (PID=258) to work on /home/airflow/.local/lib/python3.6/site-packages/airflow/example_dags/tutorial_taskflow_api_etl.py
[2023-04-28 12:14:05,001] {scheduler_job.py:629} INFO - Processing file /home/airflow/.local/lib/python3.6/site-packages/airflow/example_dags/tutorial_taskflow_api_etl.py for tasks to queue
[2023-04-28 12:14:05,002] {logging_mixin.py:104} INFO - [2023-04-28 12:14:05,002] {dagbag.py:448} INFO - Filling up the DagBag from /home/airflow/.local/lib/python3.6/site-packages/airflow/example_dags/tutorial_taskflow_api_etl.py
[2023-04-28 12:14:05,010] {scheduler_job.py:639} INFO - DAG(s) dict_keys(['tutorial_taskflow_api_etl']) retrieved from /home/airflow/.local/lib/python3.6/site-packages/airflow/example_dags/tutorial_taskflow_api_etl.py
[2023-04-28 12:14:05,025] {logging_mixin.py:104} INFO - [2023-04-28 12:14:05,025] {dag.py:1818} INFO - Sync 1 DAGs
[2023-04-28 12:14:05,035] {logging_mixin.py:104} INFO - [2023-04-28 12:14:05,035] {dag.py:2273} INFO - Setting next_dagrun for tutorial_taskflow_api_etl to None
[2023-04-28 12:14:05,042] {scheduler_job.py:190} INFO - Processing /home/airflow/.local/lib/python3.6/site-packages/airflow/example_dags/tutorial_taskflow_api_etl.py took 0.044 seconds
[2023-04-28 12:14:35,856] {scheduler_job.py:182} INFO - Started process (PID=284) to work on /home/airflow/.local/lib/python3.6/site-packages/airflow/example_dags/tutorial_taskflow_api_etl.py
[2023-04-28 12:14:35,857] {scheduler_job.py:629} INFO - Processing file /home/airflow/.local/lib/python3.6/site-packages/airflow/example_dags/tutorial_taskflow_api_etl.py for tasks to queue
[2023-04-28 12:14:35,858] {logging_mixin.py:104} INFO - [2023-04-28 12:14:35,858] {dagbag.py:448} INFO - Filling up the DagBag from /home/airflow/.local/lib/python3.6/site-packages/airflow/example_dags/tutorial_taskflow_api_etl.py
[2023-04-28 12:14:35,869] {scheduler_job.py:639} INFO - DAG(s) dict_keys(['tutorial_taskflow_api_etl']) retrieved from /home/airflow/.local/lib/python3.6/site-packages/airflow/example_dags/tutorial_taskflow_api_etl.py
[2023-04-28 12:14:35,885] {logging_mixin.py:104} INFO - [2023-04-28 12:14:35,885] {dag.py:1818} INFO - Sync 1 DAGs
[2023-04-28 12:14:35,897] {logging_mixin.py:104} INFO - [2023-04-28 12:14:35,897] {dag.py:2273} INFO - Setting next_dagrun for tutorial_taskflow_api_etl to None
[2023-04-28 12:14:35,906] {scheduler_job.py:190} INFO - Processing /home/airflow/.local/lib/python3.6/site-packages/airflow/example_dags/tutorial_taskflow_api_etl.py took 0.054 seconds
[2023-04-28 12:15:06,762] {scheduler_job.py:182} INFO - Started process (PID=310) to work on /home/airflow/.local/lib/python3.6/site-packages/airflow/example_dags/tutorial_taskflow_api_etl.py
[2023-04-28 12:15:06,763] {scheduler_job.py:629} INFO - Processing file /home/airflow/.local/lib/python3.6/site-packages/airflow/example_dags/tutorial_taskflow_api_etl.py for tasks to queue
[2023-04-28 12:15:06,764] {logging_mixin.py:104} INFO - [2023-04-28 12:15:06,764] {dagbag.py:448} INFO - Filling up the DagBag from /home/airflow/.local/lib/python3.6/site-packages/airflow/example_dags/tutorial_taskflow_api_etl.py
[2023-04-28 12:15:06,773] {scheduler_job.py:639} INFO - DAG(s) dict_keys(['tutorial_taskflow_api_etl']) retrieved from /home/airflow/.local/lib/python3.6/site-packages/airflow/example_dags/tutorial_taskflow_api_etl.py
[2023-04-28 12:15:06,787] {logging_mixin.py:104} INFO - [2023-04-28 12:15:06,787] {dag.py:1818} INFO - Sync 1 DAGs
[2023-04-28 12:15:06,797] {logging_mixin.py:104} INFO - [2023-04-28 12:15:06,796] {dag.py:2273} INFO - Setting next_dagrun for tutorial_taskflow_api_etl to None
[2023-04-28 12:15:06,804] {scheduler_job.py:190} INFO - Processing /home/airflow/.local/lib/python3.6/site-packages/airflow/example_dags/tutorial_taskflow_api_etl.py took 0.044 seconds
[2023-04-28 12:15:37,658] {scheduler_job.py:182} INFO - Started process (PID=336) to work on /home/airflow/.local/lib/python3.6/site-packages/airflow/example_dags/tutorial_taskflow_api_etl.py
[2023-04-28 12:15:37,659] {scheduler_job.py:629} INFO - Processing file /home/airflow/.local/lib/python3.6/site-packages/airflow/example_dags/tutorial_taskflow_api_etl.py for tasks to queue
[2023-04-28 12:15:37,660] {logging_mixin.py:104} INFO - [2023-04-28 12:15:37,659] {dagbag.py:448} INFO - Filling up the DagBag from /home/airflow/.local/lib/python3.6/site-packages/airflow/example_dags/tutorial_taskflow_api_etl.py
[2023-04-28 12:15:37,668] {scheduler_job.py:639} INFO - DAG(s) dict_keys(['tutorial_taskflow_api_etl']) retrieved from /home/airflow/.local/lib/python3.6/site-packages/airflow/example_dags/tutorial_taskflow_api_etl.py
[2023-04-28 12:15:37,683] {logging_mixin.py:104} INFO - [2023-04-28 12:15:37,683] {dag.py:1818} INFO - Sync 1 DAGs
[2023-04-28 12:15:37,693] {logging_mixin.py:104} INFO - [2023-04-28 12:15:37,693] {dag.py:2273} INFO - Setting next_dagrun for tutorial_taskflow_api_etl to None
[2023-04-28 12:15:37,700] {scheduler_job.py:190} INFO - Processing /home/airflow/.local/lib/python3.6/site-packages/airflow/example_dags/tutorial_taskflow_api_etl.py took 0.045 seconds
[2023-04-28 12:16:08,495] {scheduler_job.py:182} INFO - Started process (PID=362) to work on /home/airflow/.local/lib/python3.6/site-packages/airflow/example_dags/tutorial_taskflow_api_etl.py
[2023-04-28 12:16:08,496] {scheduler_job.py:629} INFO - Processing file /home/airflow/.local/lib/python3.6/site-packages/airflow/example_dags/tutorial_taskflow_api_etl.py for tasks to queue
[2023-04-28 12:16:08,496] {logging_mixin.py:104} INFO - [2023-04-28 12:16:08,496] {dagbag.py:448} INFO - Filling up the DagBag from /home/airflow/.local/lib/python3.6/site-packages/airflow/example_dags/tutorial_taskflow_api_etl.py
[2023-04-28 12:16:08,505] {scheduler_job.py:639} INFO - DAG(s) dict_keys(['tutorial_taskflow_api_etl']) retrieved from /home/airflow/.local/lib/python3.6/site-packages/airflow/example_dags/tutorial_taskflow_api_etl.py
[2023-04-28 12:16:08,520] {logging_mixin.py:104} INFO - [2023-04-28 12:16:08,520] {dag.py:1818} INFO - Sync 1 DAGs
[2023-04-28 12:16:08,530] {logging_mixin.py:104} INFO - [2023-04-28 12:16:08,530] {dag.py:2273} INFO - Setting next_dagrun for tutorial_taskflow_api_etl to None
[2023-04-28 12:16:08,538] {scheduler_job.py:190} INFO - Processing /home/airflow/.local/lib/python3.6/site-packages/airflow/example_dags/tutorial_taskflow_api_etl.py took 0.045 seconds
[2023-04-28 12:16:39,364] {scheduler_job.py:182} INFO - Started process (PID=388) to work on /home/airflow/.local/lib/python3.6/site-packages/airflow/example_dags/tutorial_taskflow_api_etl.py
[2023-04-28 12:16:39,365] {scheduler_job.py:629} INFO - Processing file /home/airflow/.local/lib/python3.6/site-packages/airflow/example_dags/tutorial_taskflow_api_etl.py for tasks to queue
[2023-04-28 12:16:39,366] {logging_mixin.py:104} INFO - [2023-04-28 12:16:39,366] {dagbag.py:448} INFO - Filling up the DagBag from /home/airflow/.local/lib/python3.6/site-packages/airflow/example_dags/tutorial_taskflow_api_etl.py
[2023-04-28 12:16:39,375] {scheduler_job.py:639} INFO - DAG(s) dict_keys(['tutorial_taskflow_api_etl']) retrieved from /home/airflow/.local/lib/python3.6/site-packages/airflow/example_dags/tutorial_taskflow_api_etl.py
[2023-04-28 12:16:39,390] {logging_mixin.py:104} INFO - [2023-04-28 12:16:39,390] {dag.py:1818} INFO - Sync 1 DAGs
[2023-04-28 12:16:39,400] {logging_mixin.py:104} INFO - [2023-04-28 12:16:39,399] {dag.py:2273} INFO - Setting next_dagrun for tutorial_taskflow_api_etl to None
[2023-04-28 12:16:39,408] {scheduler_job.py:190} INFO - Processing /home/airflow/.local/lib/python3.6/site-packages/airflow/example_dags/tutorial_taskflow_api_etl.py took 0.046 seconds
[2023-04-28 12:17:10,233] {scheduler_job.py:182} INFO - Started process (PID=414) to work on /home/airflow/.local/lib/python3.6/site-packages/airflow/example_dags/tutorial_taskflow_api_etl.py
[2023-04-28 12:17:10,235] {scheduler_job.py:629} INFO - Processing file /home/airflow/.local/lib/python3.6/site-packages/airflow/example_dags/tutorial_taskflow_api_etl.py for tasks to queue
[2023-04-28 12:17:10,235] {logging_mixin.py:104} INFO - [2023-04-28 12:17:10,235] {dagbag.py:448} INFO - Filling up the DagBag from /home/airflow/.local/lib/python3.6/site-packages/airflow/example_dags/tutorial_taskflow_api_etl.py
[2023-04-28 12:17:10,244] {scheduler_job.py:639} INFO - DAG(s) dict_keys(['tutorial_taskflow_api_etl']) retrieved from /home/airflow/.local/lib/python3.6/site-packages/airflow/example_dags/tutorial_taskflow_api_etl.py
[2023-04-28 12:17:10,260] {logging_mixin.py:104} INFO - [2023-04-28 12:17:10,260] {dag.py:1818} INFO - Sync 1 DAGs
[2023-04-28 12:17:10,270] {logging_mixin.py:104} INFO - [2023-04-28 12:17:10,270] {dag.py:2273} INFO - Setting next_dagrun for tutorial_taskflow_api_etl to None
[2023-04-28 12:17:10,279] {scheduler_job.py:190} INFO - Processing /home/airflow/.local/lib/python3.6/site-packages/airflow/example_dags/tutorial_taskflow_api_etl.py took 0.048 seconds
[2023-04-28 12:17:41,251] {scheduler_job.py:182} INFO - Started process (PID=440) to work on /home/airflow/.local/lib/python3.6/site-packages/airflow/example_dags/tutorial_taskflow_api_etl.py
[2023-04-28 12:17:41,252] {scheduler_job.py:629} INFO - Processing file /home/airflow/.local/lib/python3.6/site-packages/airflow/example_dags/tutorial_taskflow_api_etl.py for tasks to queue
[2023-04-28 12:17:41,252] {logging_mixin.py:104} INFO - [2023-04-28 12:17:41,252] {dagbag.py:448} INFO - Filling up the DagBag from /home/airflow/.local/lib/python3.6/site-packages/airflow/example_dags/tutorial_taskflow_api_etl.py
[2023-04-28 12:17:41,261] {scheduler_job.py:639} INFO - DAG(s) dict_keys(['tutorial_taskflow_api_etl']) retrieved from /home/airflow/.local/lib/python3.6/site-packages/airflow/example_dags/tutorial_taskflow_api_etl.py
[2023-04-28 12:17:41,277] {logging_mixin.py:104} INFO - [2023-04-28 12:17:41,277] {dag.py:1818} INFO - Sync 1 DAGs
[2023-04-28 12:17:41,287] {logging_mixin.py:104} INFO - [2023-04-28 12:17:41,287] {dag.py:2273} INFO - Setting next_dagrun for tutorial_taskflow_api_etl to None
[2023-04-28 12:17:41,296] {scheduler_job.py:190} INFO - Processing /home/airflow/.local/lib/python3.6/site-packages/airflow/example_dags/tutorial_taskflow_api_etl.py took 0.047 seconds
[2023-04-28 12:18:12,211] {scheduler_job.py:182} INFO - Started process (PID=466) to work on /home/airflow/.local/lib/python3.6/site-packages/airflow/example_dags/tutorial_taskflow_api_etl.py
[2023-04-28 12:18:12,211] {scheduler_job.py:629} INFO - Processing file /home/airflow/.local/lib/python3.6/site-packages/airflow/example_dags/tutorial_taskflow_api_etl.py for tasks to queue
[2023-04-28 12:18:12,212] {logging_mixin.py:104} INFO - [2023-04-28 12:18:12,212] {dagbag.py:448} INFO - Filling up the DagBag from /home/airflow/.local/lib/python3.6/site-packages/airflow/example_dags/tutorial_taskflow_api_etl.py
[2023-04-28 12:18:12,221] {scheduler_job.py:639} INFO - DAG(s) dict_keys(['tutorial_taskflow_api_etl']) retrieved from /home/airflow/.local/lib/python3.6/site-packages/airflow/example_dags/tutorial_taskflow_api_etl.py
[2023-04-28 12:18:12,236] {logging_mixin.py:104} INFO - [2023-04-28 12:18:12,236] {dag.py:1818} INFO - Sync 1 DAGs
[2023-04-28 12:18:12,246] {logging_mixin.py:104} INFO - [2023-04-28 12:18:12,246] {dag.py:2273} INFO - Setting next_dagrun for tutorial_taskflow_api_etl to None
[2023-04-28 12:18:12,254] {scheduler_job.py:190} INFO - Processing /home/airflow/.local/lib/python3.6/site-packages/airflow/example_dags/tutorial_taskflow_api_etl.py took 0.046 seconds
[2023-04-28 12:18:43,174] {scheduler_job.py:182} INFO - Started process (PID=492) to work on /home/airflow/.local/lib/python3.6/site-packages/airflow/example_dags/tutorial_taskflow_api_etl.py
[2023-04-28 12:18:43,175] {scheduler_job.py:629} INFO - Processing file /home/airflow/.local/lib/python3.6/site-packages/airflow/example_dags/tutorial_taskflow_api_etl.py for tasks to queue
[2023-04-28 12:18:43,176] {logging_mixin.py:104} INFO - [2023-04-28 12:18:43,176] {dagbag.py:448} INFO - Filling up the DagBag from /home/airflow/.local/lib/python3.6/site-packages/airflow/example_dags/tutorial_taskflow_api_etl.py
[2023-04-28 12:18:43,185] {scheduler_job.py:639} INFO - DAG(s) dict_keys(['tutorial_taskflow_api_etl']) retrieved from /home/airflow/.local/lib/python3.6/site-packages/airflow/example_dags/tutorial_taskflow_api_etl.py
[2023-04-28 12:18:43,201] {logging_mixin.py:104} INFO - [2023-04-28 12:18:43,201] {dag.py:1818} INFO - Sync 1 DAGs
[2023-04-28 12:18:43,213] {logging_mixin.py:104} INFO - [2023-04-28 12:18:43,212] {dag.py:2273} INFO - Setting next_dagrun for tutorial_taskflow_api_etl to None
[2023-04-28 12:18:43,223] {scheduler_job.py:190} INFO - Processing /home/airflow/.local/lib/python3.6/site-packages/airflow/example_dags/tutorial_taskflow_api_etl.py took 0.051 seconds
[2023-04-28 12:19:14,066] {scheduler_job.py:182} INFO - Started process (PID=518) to work on /home/airflow/.local/lib/python3.6/site-packages/airflow/example_dags/tutorial_taskflow_api_etl.py
[2023-04-28 12:19:14,067] {scheduler_job.py:629} INFO - Processing file /home/airflow/.local/lib/python3.6/site-packages/airflow/example_dags/tutorial_taskflow_api_etl.py for tasks to queue
[2023-04-28 12:19:14,067] {logging_mixin.py:104} INFO - [2023-04-28 12:19:14,067] {dagbag.py:448} INFO - Filling up the DagBag from /home/airflow/.local/lib/python3.6/site-packages/airflow/example_dags/tutorial_taskflow_api_etl.py
[2023-04-28 12:19:14,076] {scheduler_job.py:639} INFO - DAG(s) dict_keys(['tutorial_taskflow_api_etl']) retrieved from /home/airflow/.local/lib/python3.6/site-packages/airflow/example_dags/tutorial_taskflow_api_etl.py
[2023-04-28 12:19:14,094] {logging_mixin.py:104} INFO - [2023-04-28 12:19:14,094] {dag.py:1818} INFO - Sync 1 DAGs
[2023-04-28 12:19:14,106] {logging_mixin.py:104} INFO - [2023-04-28 12:19:14,106] {dag.py:2273} INFO - Setting next_dagrun for tutorial_taskflow_api_etl to None
[2023-04-28 12:19:14,115] {scheduler_job.py:190} INFO - Processing /home/airflow/.local/lib/python3.6/site-packages/airflow/example_dags/tutorial_taskflow_api_etl.py took 0.052 seconds
[2023-04-28 12:19:45,185] {scheduler_job.py:182} INFO - Started process (PID=544) to work on /home/airflow/.local/lib/python3.6/site-packages/airflow/example_dags/tutorial_taskflow_api_etl.py
[2023-04-28 12:19:45,186] {scheduler_job.py:629} INFO - Processing file /home/airflow/.local/lib/python3.6/site-packages/airflow/example_dags/tutorial_taskflow_api_etl.py for tasks to queue
[2023-04-28 12:19:45,187] {logging_mixin.py:104} INFO - [2023-04-28 12:19:45,187] {dagbag.py:448} INFO - Filling up the DagBag from /home/airflow/.local/lib/python3.6/site-packages/airflow/example_dags/tutorial_taskflow_api_etl.py
[2023-04-28 12:19:45,195] {scheduler_job.py:639} INFO - DAG(s) dict_keys(['tutorial_taskflow_api_etl']) retrieved from /home/airflow/.local/lib/python3.6/site-packages/airflow/example_dags/tutorial_taskflow_api_etl.py
[2023-04-28 12:19:45,212] {logging_mixin.py:104} INFO - [2023-04-28 12:19:45,212] {dag.py:1818} INFO - Sync 1 DAGs
[2023-04-28 12:19:45,222] {logging_mixin.py:104} INFO - [2023-04-28 12:19:45,222] {dag.py:2273} INFO - Setting next_dagrun for tutorial_taskflow_api_etl to None
[2023-04-28 12:19:45,230] {scheduler_job.py:190} INFO - Processing /home/airflow/.local/lib/python3.6/site-packages/airflow/example_dags/tutorial_taskflow_api_etl.py took 0.047 seconds
[2023-04-28 12:20:16,120] {scheduler_job.py:182} INFO - Started process (PID=570) to work on /home/airflow/.local/lib/python3.6/site-packages/airflow/example_dags/tutorial_taskflow_api_etl.py
[2023-04-28 12:20:16,121] {scheduler_job.py:629} INFO - Processing file /home/airflow/.local/lib/python3.6/site-packages/airflow/example_dags/tutorial_taskflow_api_etl.py for tasks to queue
[2023-04-28 12:20:16,121] {logging_mixin.py:104} INFO - [2023-04-28 12:20:16,121] {dagbag.py:448} INFO - Filling up the DagBag from /home/airflow/.local/lib/python3.6/site-packages/airflow/example_dags/tutorial_taskflow_api_etl.py
[2023-04-28 12:20:16,131] {scheduler_job.py:639} INFO - DAG(s) dict_keys(['tutorial_taskflow_api_etl']) retrieved from /home/airflow/.local/lib/python3.6/site-packages/airflow/example_dags/tutorial_taskflow_api_etl.py
[2023-04-28 12:20:16,148] {logging_mixin.py:104} INFO - [2023-04-28 12:20:16,148] {dag.py:1818} INFO - Sync 1 DAGs
[2023-04-28 12:20:16,159] {logging_mixin.py:104} INFO - [2023-04-28 12:20:16,159] {dag.py:2273} INFO - Setting next_dagrun for tutorial_taskflow_api_etl to None
[2023-04-28 12:20:16,167] {scheduler_job.py:190} INFO - Processing /home/airflow/.local/lib/python3.6/site-packages/airflow/example_dags/tutorial_taskflow_api_etl.py took 0.049 seconds
[2023-04-28 12:20:47,070] {scheduler_job.py:182} INFO - Started process (PID=596) to work on /home/airflow/.local/lib/python3.6/site-packages/airflow/example_dags/tutorial_taskflow_api_etl.py
[2023-04-28 12:20:47,071] {scheduler_job.py:629} INFO - Processing file /home/airflow/.local/lib/python3.6/site-packages/airflow/example_dags/tutorial_taskflow_api_etl.py for tasks to queue
[2023-04-28 12:20:47,071] {logging_mixin.py:104} INFO - [2023-04-28 12:20:47,071] {dagbag.py:448} INFO - Filling up the DagBag from /home/airflow/.local/lib/python3.6/site-packages/airflow/example_dags/tutorial_taskflow_api_etl.py
[2023-04-28 12:20:47,081] {scheduler_job.py:639} INFO - DAG(s) dict_keys(['tutorial_taskflow_api_etl']) retrieved from /home/airflow/.local/lib/python3.6/site-packages/airflow/example_dags/tutorial_taskflow_api_etl.py
[2023-04-28 12:20:47,098] {logging_mixin.py:104} INFO - [2023-04-28 12:20:47,098] {dag.py:1818} INFO - Sync 1 DAGs
[2023-04-28 12:20:47,107] {logging_mixin.py:104} INFO - [2023-04-28 12:20:47,107] {dag.py:2273} INFO - Setting next_dagrun for tutorial_taskflow_api_etl to None
[2023-04-28 12:20:47,115] {scheduler_job.py:190} INFO - Processing /home/airflow/.local/lib/python3.6/site-packages/airflow/example_dags/tutorial_taskflow_api_etl.py took 0.047 seconds
[2023-04-28 12:21:17,952] {scheduler_job.py:182} INFO - Started process (PID=622) to work on /home/airflow/.local/lib/python3.6/site-packages/airflow/example_dags/tutorial_taskflow_api_etl.py
[2023-04-28 12:21:17,953] {scheduler_job.py:629} INFO - Processing file /home/airflow/.local/lib/python3.6/site-packages/airflow/example_dags/tutorial_taskflow_api_etl.py for tasks to queue
[2023-04-28 12:21:17,954] {logging_mixin.py:104} INFO - [2023-04-28 12:21:17,954] {dagbag.py:448} INFO - Filling up the DagBag from /home/airflow/.local/lib/python3.6/site-packages/airflow/example_dags/tutorial_taskflow_api_etl.py
[2023-04-28 12:21:17,964] {scheduler_job.py:639} INFO - DAG(s) dict_keys(['tutorial_taskflow_api_etl']) retrieved from /home/airflow/.local/lib/python3.6/site-packages/airflow/example_dags/tutorial_taskflow_api_etl.py
[2023-04-28 12:21:17,983] {logging_mixin.py:104} INFO - [2023-04-28 12:21:17,983] {dag.py:1818} INFO - Sync 1 DAGs
[2023-04-28 12:21:17,992] {logging_mixin.py:104} INFO - [2023-04-28 12:21:17,992] {dag.py:2273} INFO - Setting next_dagrun for tutorial_taskflow_api_etl to None
[2023-04-28 12:21:18,000] {scheduler_job.py:190} INFO - Processing /home/airflow/.local/lib/python3.6/site-packages/airflow/example_dags/tutorial_taskflow_api_etl.py took 0.051 seconds
[2023-04-28 12:21:48,918] {scheduler_job.py:182} INFO - Started process (PID=648) to work on /home/airflow/.local/lib/python3.6/site-packages/airflow/example_dags/tutorial_taskflow_api_etl.py
[2023-04-28 12:21:48,918] {scheduler_job.py:629} INFO - Processing file /home/airflow/.local/lib/python3.6/site-packages/airflow/example_dags/tutorial_taskflow_api_etl.py for tasks to queue
[2023-04-28 12:21:48,919] {logging_mixin.py:104} INFO - [2023-04-28 12:21:48,919] {dagbag.py:448} INFO - Filling up the DagBag from /home/airflow/.local/lib/python3.6/site-packages/airflow/example_dags/tutorial_taskflow_api_etl.py
[2023-04-28 12:21:48,928] {scheduler_job.py:639} INFO - DAG(s) dict_keys(['tutorial_taskflow_api_etl']) retrieved from /home/airflow/.local/lib/python3.6/site-packages/airflow/example_dags/tutorial_taskflow_api_etl.py
[2023-04-28 12:21:48,946] {logging_mixin.py:104} INFO - [2023-04-28 12:21:48,946] {dag.py:1818} INFO - Sync 1 DAGs
[2023-04-28 12:21:48,956] {logging_mixin.py:104} INFO - [2023-04-28 12:21:48,956] {dag.py:2273} INFO - Setting next_dagrun for tutorial_taskflow_api_etl to None
[2023-04-28 12:21:48,964] {scheduler_job.py:190} INFO - Processing /home/airflow/.local/lib/python3.6/site-packages/airflow/example_dags/tutorial_taskflow_api_etl.py took 0.049 seconds
[2023-04-28 12:22:21,463] {scheduler_job.py:182} INFO - Started process (PID=46) to work on /home/airflow/.local/lib/python3.6/site-packages/airflow/example_dags/tutorial_taskflow_api_etl.py
[2023-04-28 12:22:21,464] {scheduler_job.py:629} INFO - Processing file /home/airflow/.local/lib/python3.6/site-packages/airflow/example_dags/tutorial_taskflow_api_etl.py for tasks to queue
[2023-04-28 12:22:21,465] {logging_mixin.py:104} INFO - [2023-04-28 12:22:21,465] {dagbag.py:448} INFO - Filling up the DagBag from /home/airflow/.local/lib/python3.6/site-packages/airflow/example_dags/tutorial_taskflow_api_etl.py
[2023-04-28 12:22:21,476] {scheduler_job.py:639} INFO - DAG(s) dict_keys(['tutorial_taskflow_api_etl']) retrieved from /home/airflow/.local/lib/python3.6/site-packages/airflow/example_dags/tutorial_taskflow_api_etl.py
[2023-04-28 12:22:21,493] {logging_mixin.py:104} INFO - [2023-04-28 12:22:21,493] {dag.py:1818} INFO - Sync 1 DAGs
[2023-04-28 12:22:21,507] {logging_mixin.py:104} INFO - [2023-04-28 12:22:21,507] {dag.py:2273} INFO - Setting next_dagrun for tutorial_taskflow_api_etl to None
[2023-04-28 12:22:21,519] {scheduler_job.py:190} INFO - Processing /home/airflow/.local/lib/python3.6/site-packages/airflow/example_dags/tutorial_taskflow_api_etl.py took 0.059 seconds
[2023-04-28 12:22:51,743] {scheduler_job.py:182} INFO - Started process (PID=72) to work on /home/airflow/.local/lib/python3.6/site-packages/airflow/example_dags/tutorial_taskflow_api_etl.py
[2023-04-28 12:22:51,744] {scheduler_job.py:629} INFO - Processing file /home/airflow/.local/lib/python3.6/site-packages/airflow/example_dags/tutorial_taskflow_api_etl.py for tasks to queue
[2023-04-28 12:22:51,745] {logging_mixin.py:104} INFO - [2023-04-28 12:22:51,744] {dagbag.py:448} INFO - Filling up the DagBag from /home/airflow/.local/lib/python3.6/site-packages/airflow/example_dags/tutorial_taskflow_api_etl.py
[2023-04-28 12:22:51,754] {scheduler_job.py:639} INFO - DAG(s) dict_keys(['tutorial_taskflow_api_etl']) retrieved from /home/airflow/.local/lib/python3.6/site-packages/airflow/example_dags/tutorial_taskflow_api_etl.py
[2023-04-28 12:22:51,770] {logging_mixin.py:104} INFO - [2023-04-28 12:22:51,770] {dag.py:1818} INFO - Sync 1 DAGs
[2023-04-28 12:22:51,781] {logging_mixin.py:104} INFO - [2023-04-28 12:22:51,780] {dag.py:2273} INFO - Setting next_dagrun for tutorial_taskflow_api_etl to None
[2023-04-28 12:22:51,788] {scheduler_job.py:190} INFO - Processing /home/airflow/.local/lib/python3.6/site-packages/airflow/example_dags/tutorial_taskflow_api_etl.py took 0.048 seconds
[2023-04-28 12:23:22,631] {scheduler_job.py:182} INFO - Started process (PID=97) to work on /home/airflow/.local/lib/python3.6/site-packages/airflow/example_dags/tutorial_taskflow_api_etl.py
[2023-04-28 12:23:22,632] {scheduler_job.py:629} INFO - Processing file /home/airflow/.local/lib/python3.6/site-packages/airflow/example_dags/tutorial_taskflow_api_etl.py for tasks to queue
[2023-04-28 12:23:22,633] {logging_mixin.py:104} INFO - [2023-04-28 12:23:22,633] {dagbag.py:448} INFO - Filling up the DagBag from /home/airflow/.local/lib/python3.6/site-packages/airflow/example_dags/tutorial_taskflow_api_etl.py
[2023-04-28 12:23:22,642] {scheduler_job.py:639} INFO - DAG(s) dict_keys(['tutorial_taskflow_api_etl']) retrieved from /home/airflow/.local/lib/python3.6/site-packages/airflow/example_dags/tutorial_taskflow_api_etl.py
[2023-04-28 12:23:22,657] {logging_mixin.py:104} INFO - [2023-04-28 12:23:22,657] {dag.py:1818} INFO - Sync 1 DAGs
[2023-04-28 12:23:22,667] {logging_mixin.py:104} INFO - [2023-04-28 12:23:22,667] {dag.py:2273} INFO - Setting next_dagrun for tutorial_taskflow_api_etl to None
[2023-04-28 12:23:22,676] {scheduler_job.py:190} INFO - Processing /home/airflow/.local/lib/python3.6/site-packages/airflow/example_dags/tutorial_taskflow_api_etl.py took 0.048 seconds
[2023-04-28 12:23:53,678] {scheduler_job.py:182} INFO - Started process (PID=123) to work on /home/airflow/.local/lib/python3.6/site-packages/airflow/example_dags/tutorial_taskflow_api_etl.py
[2023-04-28 12:23:53,679] {scheduler_job.py:629} INFO - Processing file /home/airflow/.local/lib/python3.6/site-packages/airflow/example_dags/tutorial_taskflow_api_etl.py for tasks to queue
[2023-04-28 12:23:53,680] {logging_mixin.py:104} INFO - [2023-04-28 12:23:53,680] {dagbag.py:448} INFO - Filling up the DagBag from /home/airflow/.local/lib/python3.6/site-packages/airflow/example_dags/tutorial_taskflow_api_etl.py
[2023-04-28 12:23:53,689] {scheduler_job.py:639} INFO - DAG(s) dict_keys(['tutorial_taskflow_api_etl']) retrieved from /home/airflow/.local/lib/python3.6/site-packages/airflow/example_dags/tutorial_taskflow_api_etl.py
[2023-04-28 12:23:53,705] {logging_mixin.py:104} INFO - [2023-04-28 12:23:53,705] {dag.py:1818} INFO - Sync 1 DAGs
[2023-04-28 12:23:53,715] {logging_mixin.py:104} INFO - [2023-04-28 12:23:53,715] {dag.py:2273} INFO - Setting next_dagrun for tutorial_taskflow_api_etl to None
[2023-04-28 12:23:53,723] {scheduler_job.py:190} INFO - Processing /home/airflow/.local/lib/python3.6/site-packages/airflow/example_dags/tutorial_taskflow_api_etl.py took 0.047 seconds
[2023-04-28 12:24:24,702] {scheduler_job.py:182} INFO - Started process (PID=149) to work on /home/airflow/.local/lib/python3.6/site-packages/airflow/example_dags/tutorial_taskflow_api_etl.py
[2023-04-28 12:24:24,703] {scheduler_job.py:629} INFO - Processing file /home/airflow/.local/lib/python3.6/site-packages/airflow/example_dags/tutorial_taskflow_api_etl.py for tasks to queue
[2023-04-28 12:24:24,704] {logging_mixin.py:104} INFO - [2023-04-28 12:24:24,704] {dagbag.py:448} INFO - Filling up the DagBag from /home/airflow/.local/lib/python3.6/site-packages/airflow/example_dags/tutorial_taskflow_api_etl.py
[2023-04-28 12:24:24,713] {scheduler_job.py:639} INFO - DAG(s) dict_keys(['tutorial_taskflow_api_etl']) retrieved from /home/airflow/.local/lib/python3.6/site-packages/airflow/example_dags/tutorial_taskflow_api_etl.py
[2023-04-28 12:24:24,730] {logging_mixin.py:104} INFO - [2023-04-28 12:24:24,730] {dag.py:1818} INFO - Sync 1 DAGs
[2023-04-28 12:24:24,739] {logging_mixin.py:104} INFO - [2023-04-28 12:24:24,739] {dag.py:2273} INFO - Setting next_dagrun for tutorial_taskflow_api_etl to None
[2023-04-28 12:24:24,747] {scheduler_job.py:190} INFO - Processing /home/airflow/.local/lib/python3.6/site-packages/airflow/example_dags/tutorial_taskflow_api_etl.py took 0.048 seconds
[2023-04-28 12:24:55,660] {scheduler_job.py:182} INFO - Started process (PID=175) to work on /home/airflow/.local/lib/python3.6/site-packages/airflow/example_dags/tutorial_taskflow_api_etl.py
[2023-04-28 12:24:55,662] {scheduler_job.py:629} INFO - Processing file /home/airflow/.local/lib/python3.6/site-packages/airflow/example_dags/tutorial_taskflow_api_etl.py for tasks to queue
[2023-04-28 12:24:55,662] {logging_mixin.py:104} INFO - [2023-04-28 12:24:55,662] {dagbag.py:448} INFO - Filling up the DagBag from /home/airflow/.local/lib/python3.6/site-packages/airflow/example_dags/tutorial_taskflow_api_etl.py
[2023-04-28 12:24:55,671] {scheduler_job.py:639} INFO - DAG(s) dict_keys(['tutorial_taskflow_api_etl']) retrieved from /home/airflow/.local/lib/python3.6/site-packages/airflow/example_dags/tutorial_taskflow_api_etl.py
[2023-04-28 12:24:55,686] {logging_mixin.py:104} INFO - [2023-04-28 12:24:55,686] {dag.py:1818} INFO - Sync 1 DAGs
[2023-04-28 12:24:55,696] {logging_mixin.py:104} INFO - [2023-04-28 12:24:55,695] {dag.py:2273} INFO - Setting next_dagrun for tutorial_taskflow_api_etl to None
[2023-04-28 12:24:55,703] {scheduler_job.py:190} INFO - Processing /home/airflow/.local/lib/python3.6/site-packages/airflow/example_dags/tutorial_taskflow_api_etl.py took 0.045 seconds
