[2023-04-28T13:36:14.381+0000] {taskinstance.py:1083} INFO - Dependencies all met for <TaskInstance: alfi7.extract_task scheduled__2020-04-22T00:00:00+00:00 [queued]>
[2023-04-28T13:36:14.388+0000] {taskinstance.py:1083} INFO - Dependencies all met for <TaskInstance: alfi7.extract_task scheduled__2020-04-22T00:00:00+00:00 [queued]>
[2023-04-28T13:36:14.389+0000] {taskinstance.py:1279} INFO - 
--------------------------------------------------------------------------------
[2023-04-28T13:36:14.389+0000] {taskinstance.py:1280} INFO - Starting attempt 1 of 2
[2023-04-28T13:36:14.390+0000] {taskinstance.py:1281} INFO - 
--------------------------------------------------------------------------------
[2023-04-28T13:36:14.404+0000] {taskinstance.py:1300} INFO - Executing <Task(PythonOperator): extract_task> on 2020-04-22 00:00:00+00:00
[2023-04-28T13:36:14.408+0000] {standard_task_runner.py:55} INFO - Started process 8392 to run task
[2023-04-28T13:36:14.411+0000] {standard_task_runner.py:82} INFO - Running: ['***', 'tasks', 'run', 'alfi7', 'extract_task', 'scheduled__2020-04-22T00:00:00+00:00', '--job-id', '32', '--raw', '--subdir', 'DAGS_FOLDER/my_test_dag.py', '--cfg-path', '/tmp/tmpgo8vqxi0']
[2023-04-28T13:36:14.412+0000] {standard_task_runner.py:83} INFO - Job 32: Subtask extract_task
[2023-04-28T13:36:14.463+0000] {task_command.py:388} INFO - Running <TaskInstance: alfi7.extract_task scheduled__2020-04-22T00:00:00+00:00 [running]> on host 6cc0522fbd3b
[2023-04-28T13:36:14.516+0000] {taskinstance.py:1509} INFO - Exporting the following env vars:
AIRFLOW_CTX_DAG_OWNER=Caffeinated Quantum Squadron
AIRFLOW_CTX_DAG_ID=alfi7
AIRFLOW_CTX_TASK_ID=extract_task
AIRFLOW_CTX_EXECUTION_DATE=2020-04-22T00:00:00+00:00
AIRFLOW_CTX_TRY_NUMBER=1
AIRFLOW_CTX_DAG_RUN_ID=scheduled__2020-04-22T00:00:00+00:00
[2023-04-28T13:36:16.798+0000] {python.py:177} INFO - Done. Returned value was: None
[2023-04-28T13:36:16.806+0000] {taskinstance.py:1323} INFO - Marking task as SUCCESS. dag_id=alfi7, task_id=extract_task, execution_date=20200422T000000, start_date=20230428T133614, end_date=20230428T133616
[2023-04-28T13:36:16.832+0000] {local_task_job.py:208} INFO - Task exited with return code 0
[2023-04-28T13:36:16.846+0000] {taskinstance.py:2578} INFO - 0 downstream tasks scheduled from follow-on schedule check
