[2023-04-28T12:38:26.854+0000] {taskinstance.py:1083} INFO - Dependencies all met for <TaskInstance: first.run_this_task scheduled__2023-04-28T00:00:00+00:00 [queued]>
[2023-04-28T12:38:26.861+0000] {taskinstance.py:1083} INFO - Dependencies all met for <TaskInstance: first.run_this_task scheduled__2023-04-28T00:00:00+00:00 [queued]>
[2023-04-28T12:38:26.862+0000] {taskinstance.py:1279} INFO - 
--------------------------------------------------------------------------------
[2023-04-28T12:38:26.862+0000] {taskinstance.py:1280} INFO - Starting attempt 1 of 2
[2023-04-28T12:38:26.862+0000] {taskinstance.py:1281} INFO - 
--------------------------------------------------------------------------------
[2023-04-28T12:38:26.875+0000] {taskinstance.py:1300} INFO - Executing <Task(PythonOperator): run_this_task> on 2023-04-28 00:00:00+00:00
[2023-04-28T12:38:26.879+0000] {standard_task_runner.py:55} INFO - Started process 1169 to run task
[2023-04-28T12:38:26.882+0000] {standard_task_runner.py:82} INFO - Running: ['***', 'tasks', 'run', 'first', 'run_this_task', 'scheduled__2023-04-28T00:00:00+00:00', '--job-id', '6', '--raw', '--subdir', 'DAGS_FOLDER/my_test_dag.py', '--cfg-path', '/tmp/tmpzh7g2sze']
[2023-04-28T12:38:26.882+0000] {standard_task_runner.py:83} INFO - Job 6: Subtask run_this_task
[2023-04-28T12:38:26.932+0000] {task_command.py:388} INFO - Running <TaskInstance: first.run_this_task scheduled__2023-04-28T00:00:00+00:00 [running]> on host 6cc0522fbd3b
[2023-04-28T12:38:26.987+0000] {taskinstance.py:1509} INFO - Exporting the following env vars:
AIRFLOW_CTX_DAG_OWNER=Caffeinated Quantum Squadron
AIRFLOW_CTX_DAG_ID=first
AIRFLOW_CTX_TASK_ID=run_this_task
AIRFLOW_CTX_EXECUTION_DATE=2023-04-28T00:00:00+00:00
AIRFLOW_CTX_TRY_NUMBER=1
AIRFLOW_CTX_DAG_RUN_ID=scheduled__2023-04-28T00:00:00+00:00
[2023-04-28T12:38:26.988+0000] {logging_mixin.py:137} INFO - I am coming first
[2023-04-28T12:38:26.988+0000] {python.py:177} INFO - Done. Returned value was: None
[2023-04-28T12:38:26.996+0000] {taskinstance.py:1323} INFO - Marking task as SUCCESS. dag_id=first, task_id=run_this_task, execution_date=20230428T000000, start_date=20230428T123826, end_date=20230428T123826
[2023-04-28T12:38:27.014+0000] {local_task_job.py:208} INFO - Task exited with return code 0
[2023-04-28T12:38:27.031+0000] {taskinstance.py:2578} INFO - 1 downstream tasks scheduled from follow-on schedule check
