[2023-04-28T13:21:30.204+0000] {taskinstance.py:1083} INFO - Dependencies all met for <TaskInstance: alfi5.run_this_task scheduled__2020-04-22T00:00:00+00:00 [queued]>
[2023-04-28T13:21:30.213+0000] {taskinstance.py:1083} INFO - Dependencies all met for <TaskInstance: alfi5.run_this_task scheduled__2020-04-22T00:00:00+00:00 [queued]>
[2023-04-28T13:21:30.214+0000] {taskinstance.py:1279} INFO - 
--------------------------------------------------------------------------------
[2023-04-28T13:21:30.214+0000] {taskinstance.py:1280} INFO - Starting attempt 1 of 2
[2023-04-28T13:21:30.215+0000] {taskinstance.py:1281} INFO - 
--------------------------------------------------------------------------------
[2023-04-28T13:21:30.235+0000] {taskinstance.py:1300} INFO - Executing <Task(PythonOperator): run_this_task> on 2020-04-22 00:00:00+00:00
[2023-04-28T13:21:30.240+0000] {standard_task_runner.py:55} INFO - Started process 6548 to run task
[2023-04-28T13:21:30.243+0000] {standard_task_runner.py:82} INFO - Running: ['***', 'tasks', 'run', 'alfi5', 'run_this_task', 'scheduled__2020-04-22T00:00:00+00:00', '--job-id', '23', '--raw', '--subdir', 'DAGS_FOLDER/my_test_dag.py', '--cfg-path', '/tmp/tmpe81yecn5']
[2023-04-28T13:21:30.244+0000] {standard_task_runner.py:83} INFO - Job 23: Subtask run_this_task
[2023-04-28T13:21:30.319+0000] {task_command.py:388} INFO - Running <TaskInstance: alfi5.run_this_task scheduled__2020-04-22T00:00:00+00:00 [running]> on host 6cc0522fbd3b
[2023-04-28T13:21:30.384+0000] {taskinstance.py:1509} INFO - Exporting the following env vars:
AIRFLOW_CTX_DAG_OWNER=Caffeinated Quantum Squadron
AIRFLOW_CTX_DAG_ID=alfi5
AIRFLOW_CTX_TASK_ID=run_this_task
AIRFLOW_CTX_EXECUTION_DATE=2020-04-22T00:00:00+00:00
AIRFLOW_CTX_TRY_NUMBER=1
AIRFLOW_CTX_DAG_RUN_ID=scheduled__2020-04-22T00:00:00+00:00
[2023-04-28T13:21:30.386+0000] {logging_mixin.py:137} INFO - I am coming first
[2023-04-28T13:21:30.387+0000] {python.py:177} INFO - Done. Returned value was: None
[2023-04-28T13:21:30.395+0000] {taskinstance.py:1323} INFO - Marking task as SUCCESS. dag_id=alfi5, task_id=run_this_task, execution_date=20200422T000000, start_date=20230428T132130, end_date=20230428T132130
[2023-04-28T13:21:30.455+0000] {local_task_job.py:208} INFO - Task exited with return code 0
[2023-04-28T13:21:30.484+0000] {taskinstance.py:2578} INFO - 1 downstream tasks scheduled from follow-on schedule check
