[2023-04-28T12:59:35.380+0000] {taskinstance.py:1083} INFO - Dependencies all met for <TaskInstance: alfi1.extract_task scheduled__2023-04-28T00:00:00+00:00 [queued]>
[2023-04-28T12:59:35.388+0000] {taskinstance.py:1083} INFO - Dependencies all met for <TaskInstance: alfi1.extract_task scheduled__2023-04-28T00:00:00+00:00 [queued]>
[2023-04-28T12:59:35.388+0000] {taskinstance.py:1279} INFO - 
--------------------------------------------------------------------------------
[2023-04-28T12:59:35.389+0000] {taskinstance.py:1280} INFO - Starting attempt 1 of 2
[2023-04-28T12:59:35.389+0000] {taskinstance.py:1281} INFO - 
--------------------------------------------------------------------------------
[2023-04-28T12:59:35.401+0000] {taskinstance.py:1300} INFO - Executing <Task(PythonOperator): extract_task> on 2023-04-28 00:00:00+00:00
[2023-04-28T12:59:35.405+0000] {standard_task_runner.py:55} INFO - Started process 3805 to run task
[2023-04-28T12:59:35.408+0000] {standard_task_runner.py:82} INFO - Running: ['***', 'tasks', 'run', 'alfi1', 'extract_task', 'scheduled__2023-04-28T00:00:00+00:00', '--job-id', '13', '--raw', '--subdir', 'DAGS_FOLDER/my_test_dag.py', '--cfg-path', '/tmp/tmppim_q43t']
[2023-04-28T12:59:35.408+0000] {standard_task_runner.py:83} INFO - Job 13: Subtask extract_task
[2023-04-28T12:59:35.457+0000] {task_command.py:388} INFO - Running <TaskInstance: alfi1.extract_task scheduled__2023-04-28T00:00:00+00:00 [running]> on host 6cc0522fbd3b
[2023-04-28T12:59:35.513+0000] {taskinstance.py:1509} INFO - Exporting the following env vars:
AIRFLOW_CTX_DAG_OWNER=Caffeinated Quantum Squadron
AIRFLOW_CTX_DAG_ID=alfi1
AIRFLOW_CTX_TASK_ID=extract_task
AIRFLOW_CTX_EXECUTION_DATE=2023-04-28T00:00:00+00:00
AIRFLOW_CTX_TRY_NUMBER=1
AIRFLOW_CTX_DAG_RUN_ID=scheduled__2023-04-28T00:00:00+00:00
[2023-04-28T12:59:37.180+0000] {python.py:177} INFO - Done. Returned value was: None
[2023-04-28T12:59:37.227+0000] {taskinstance.py:1323} INFO - Marking task as SUCCESS. dag_id=alfi1, task_id=extract_task, execution_date=20230428T000000, start_date=20230428T125935, end_date=20230428T125937
[2023-04-28T12:59:37.265+0000] {local_task_job.py:208} INFO - Task exited with return code 0
[2023-04-28T12:59:37.280+0000] {taskinstance.py:2578} INFO - 0 downstream tasks scheduled from follow-on schedule check
