[2023-04-28T12:38:27.927+0000] {taskinstance.py:1083} INFO - Dependencies all met for <TaskInstance: first.run_this_task_too scheduled__2023-04-28T00:00:00+00:00 [queued]>
[2023-04-28T12:38:27.935+0000] {taskinstance.py:1083} INFO - Dependencies all met for <TaskInstance: first.run_this_task_too scheduled__2023-04-28T00:00:00+00:00 [queued]>
[2023-04-28T12:38:27.935+0000] {taskinstance.py:1279} INFO - 
--------------------------------------------------------------------------------
[2023-04-28T12:38:27.936+0000] {taskinstance.py:1280} INFO - Starting attempt 1 of 2
[2023-04-28T12:38:27.936+0000] {taskinstance.py:1281} INFO - 
--------------------------------------------------------------------------------
[2023-04-28T12:38:27.948+0000] {taskinstance.py:1300} INFO - Executing <Task(PythonOperator): run_this_task_too> on 2023-04-28 00:00:00+00:00
[2023-04-28T12:38:27.953+0000] {standard_task_runner.py:55} INFO - Started process 1171 to run task
[2023-04-28T12:38:27.955+0000] {standard_task_runner.py:82} INFO - Running: ['***', 'tasks', 'run', 'first', 'run_this_task_too', 'scheduled__2023-04-28T00:00:00+00:00', '--job-id', '7', '--raw', '--subdir', 'DAGS_FOLDER/my_test_dag.py', '--cfg-path', '/tmp/tmp237o2w3n']
[2023-04-28T12:38:27.955+0000] {standard_task_runner.py:83} INFO - Job 7: Subtask run_this_task_too
[2023-04-28T12:38:28.004+0000] {task_command.py:388} INFO - Running <TaskInstance: first.run_this_task_too scheduled__2023-04-28T00:00:00+00:00 [running]> on host 6cc0522fbd3b
[2023-04-28T12:38:28.059+0000] {taskinstance.py:1509} INFO - Exporting the following env vars:
AIRFLOW_CTX_DAG_OWNER=Caffeinated Quantum Squadron
AIRFLOW_CTX_DAG_ID=first
AIRFLOW_CTX_TASK_ID=run_this_task_too
AIRFLOW_CTX_EXECUTION_DATE=2023-04-28T00:00:00+00:00
AIRFLOW_CTX_TRY_NUMBER=1
AIRFLOW_CTX_DAG_RUN_ID=scheduled__2023-04-28T00:00:00+00:00
[2023-04-28T12:38:28.060+0000] {logging_mixin.py:137} INFO - I am coming last
[2023-04-28T12:38:28.060+0000] {python.py:177} INFO - Done. Returned value was: None
[2023-04-28T12:38:28.067+0000] {taskinstance.py:1323} INFO - Marking task as SUCCESS. dag_id=first, task_id=run_this_task_too, execution_date=20230428T000000, start_date=20230428T123827, end_date=20230428T123828
[2023-04-28T12:38:28.087+0000] {local_task_job.py:208} INFO - Task exited with return code 0
[2023-04-28T12:38:28.100+0000] {taskinstance.py:2578} INFO - 0 downstream tasks scheduled from follow-on schedule check
